<html xmlns:math="http://exslt.org/math" xmlns:testng="http://testng.org">
   <head>
      <title>TestNG Results</title>
      <meta http-equiv="content-type" content="text/html; charset=utf-8"></meta>
      <meta http-equiv="pragma" content="no-cache"></meta>
      <meta http-equiv="cache-control" content="max-age=0"></meta>
      <meta http-equiv="cache-control" content="no-cache"></meta>
      <meta http-equiv="cache-control" content="no-store"></meta>
      <LINK rel="stylesheet" href="style.css"></LINK>
      <script type="text/javascript" src="main.js"></script>
   </head>
   <body>
      <table width="100%" style="font-size: 16px; margin-bottom: 10px;" cellspacing="1">
         <tr>
            <td width="100%">
               Test case
               
               <b>Ant test</b>
            </td>
            <td style="background-color: #FFBBBB; padding: 3px 3px 3px 0;" align="center">
               <div style="width: 50px;">2</div>
            </td>
            <td style="background-color: lightgreen; padding: 3px 3px 3px 0;" align="center">
               <div style="width: 50px;">0</div>
            </td>
            <td style="background-color: #FFFFBB; padding: 3px 3px 3px 0;" align="center">
               <div style="width: 50px;">0</div>
            </td>
            <td align="center" style="background-color: #eaf0f7; padding: 3px 3px 3px 0;">
               <div style="width: 50px;">2</div>
            </td>
            <td align="center"
                style="font-weight: bold; background-color: #eaf0f7; padding: 3px 3px 3px 0;">
               <div style="width: 50px;">0%</div>
            </td>
            <td style="background-color: #eaf0f7; padding: 3px 3px 3px 0;" align="center"
                nowrap="true">1m
               16s
               
            </td>
         </tr>
      </table>
      <div style="width: 200px;">
         <label for="groupMethodsCheckBox" style="font-weight: bold; margin: 0;">
            <input id="groupMethodsCheckBox" type="checkbox" onclick="switchTestMethodsView(this)"
                   checked=""></input>
            Group by class
            
         </label>
         <br></br>
         <label for="methodsFilter_ALL" style="font-weight: bold; margin: 0;">
            <input id="methodsFilter_ALL" type="checkbox"
                   onclick="testMethodsFilterChanged(this, 'ALL')"
                   checked=""></input>
            All
            
         </label>
      </div>
      <label for="methodsFilter_FAIL" style="margin-left: 20px;">
         <input id="methodsFilter_FAIL" type="checkbox"
                onclick="testMethodsFilterChanged(this, 'FAIL')"
                checked=""></input>
         Failed
         
      </label>
      <label for="methodsFilter_PASS">
         <input id="methodsFilter_PASS" type="checkbox"
                onclick="testMethodsFilterChanged(this, 'PASS')"
                checked=""></input>
         Passed
         
      </label>
      <label for="methodsFilter_SKIP">
         <input id="methodsFilter_SKIP" type="checkbox"
                onclick="testMethodsFilterChanged(this, 'SKIP')"
                checked=""></input>
         Skipped
         
      </label>
      <label for="methodsFilter_CONF">
         <input id="methodsFilter_CONF" type="checkbox"
                onclick="testMethodsFilterChanged(this, 'CONF')"
                checked=""></input>
         Config
         
      </label>
      <br></br>
      <div id="testMethodsByStatus" style="display: none;">
         <table class="testMethodsTable" cellpadding="0" cellspacing="0">
            <tr class="methodsTableHeader">
               <td width="100%">Name</td>
               <td nowrap="true">Started</td>
               <td nowrap="true">Duration</td>
               <td>Exception</td>
            </tr>
            <tr id="com.quotations.VerifyValidSignUp_LoginTest_byStatus_failed_FAIL1_row"
                class="testMethodStatusFAIL">
               <td width="100%" class="firstMethodCell">
                  <a onclick="toggleDetailsVisibility('com.quotations.VerifyValidSignUp_LoginTest_byStatus_failed_FAIL1_details')">LoginTest(1.0
                     
                     ,
                     
                     external
                     
                     ,
                     
                     24419001
                     
                     ,
                     
                     Pasword@3
                     
                     ,
                     
                     Private Car
                     
                     ,
                     
                     Comprehensive
                     
                     ,
                     
                     09445
                     
                     ,
                     
                     Registered Car
                     
                     ,
                     
                     Private Car-Private Use
                     
                     ,
                     
                     KIA
                     
                     ,
                     
                     SEPHIA
                     
                     ,
                     
                     KIA SPORTAGE 2.0i A ModelChang
                     
                     ,
                     
                     2010
                     
                     ,
                     
                     1998
                     
                     ,
                     
                     ABCDEFG
                     
                     ,
                     
                     dsfds
                     
                     ,
                     
                     West Malaysia
                     
                     ,
                     
                     5
                     
                     ,
                     
                     74900
                     
                     ,
                     
                     Johor
                     
                     ,
                     
                     ABC3746
                     
                     ,
                     
                     DEF7464
                     
                     ,
                     
                     Individual
                     
                     ,
                     
                     Yes
                     
                     ,
                     
                     GSHER73645
                     
                     ,
                     
                     JSHYE345
                     
                     ,
                     
                     Feb
                     
                     ,
                     
                     12
                     
                     ,
                     
                     1974
                     
                     ,
                     
                     Yes
                     
                     ,
                     
                     10
                     
                     ,
                     
                     No
                     
                     ,
                     
                     0
                     
                     ,
                     
                     0
                     
                     ,
                     
                     0
                     
                     ,
                     
                     0
                     
                     ,
                     
                     Jul
                     
                     ,
                     
                     24
                     
                     ,
                     
                     2016
                     
                     ,
                     
                     CABRIOLET
                     
                     ,
                     
                     123423
                     
                     ,
                     
                     Parking Lot - Covered
                     
                     ,
                     
                     Driver's Side Airbags(1)
                     
                     ,
                     
                     (B) Alarm with Immobiliser
                     
                     ,
                     
                     Male
                     
                     ,
                     
                     MARRIED
                     
                     ,
                     
                     Company Director
                     
                     ,
                     
                     Andrew 
                     
                     ,
                     
                     Andrew John
                     
                     ,
                     
                     3421345432
                     
                     ,
                     
                     andrew@gmail.com
                     
                     ,
                     
                     23456
                     
                     ,
                     
                     MALAYSIA
                     
                     ,
                     
                     JOHOR
                     
                     ,
                     
                     Johor State
                     
                     ,
                     
                     Street1
                     
                     ,
                     
                     Block1)
                  </a>
               </td>
               <td nowrap="true">11:40:05</td>
               <td nowrap="true" align="right">44s
                  
               </td>
               <td nowrap="true">
                  <a onclick="toggleDetailsVisibility('com.quotations.VerifyValidSignUp_LoginTest_byStatus_failed_FAIL1_exception')">org.openqa.selenium.NoSuchElementException: 
                     no such element: Unable to locate element: {"method":"xpath","selector":"html/body/div[3]/form/div[3]/div[2]/table/tbody/tr/td/div/table/tbody/tr/td/div/span/div/div[2]/div[2]/div/div[1]/div/div/div/div/div/div[3]/div/div/span/button"}
                     (Session info: chrome=51.0.2704.106)
                     (Driver info: chromedriver=2.21.371459 (36d3d07f660ff2bc1bf28a75d1cdabed0983e7c4),platform=Windows NT 10.0 x86_64) (WARNING:
                     The server did not provide any stacktrace information)
                     Command duration or timeout: 30.04 seconds
                     For documentation on this error, please visit: http://seleniumhq.org/exceptions/no_such_element.html
                     Build info: version: '2.53.0', revision: '35ae25b', time: '2016-03-15 17:00:58'
                     System info: host: 'user-PC', ip: '192.168.1.113', os.name: 'Windows 10', os.arch: 'amd64', os.version: '10.0', java.version:
                     '1.8.0_91'
                     Driver info: org.openqa.selenium.chrome.ChromeDriver
                     Capabilities [{applicationCacheEnabled=false, rotatable=false, mobileEmulationEnabled=false, chrome={chromedriverVersion=2.21.371459
                     (36d3d07f660ff2bc1bf28a75d1cdabed0983e7c4), userDataDir=C:\temp\scoped_dir8236_6801}, takesHeapSnapshot=true, databaseEnabled=false,
                     handlesAlerts=true, hasTouchScreen=false, version=51.0.2704.106, platform=XP, browserConnectionEnabled=false, nativeEvents=true,
                     acceptSslCerts=true, locationContextEnabled=true, webStorageEnabled=true, browserName=chrome, takesScreenshot=true, javascriptEnabled=true,
                     cssSelectorsEnabled=true}]
                     Session ID: 18b018bc635663819050e88d982c747c
                     *** Element info: {Using=xpath, value=html/body/div[3]/form/div[3]/div[2]/table/tbody/tr/td/div/table/tbody/tr/td/div/span/div/div[2]/div[2]/div/div[1]/div/div/div/div/div/div[3]/div/div/span/button}
                     
                  </a>
                   
                  
               </td>
            </tr>
            <tr>
               <td colspan="4" class="detailsBox">
                  <div id="com.quotations.VerifyValidSignUp_LoginTest_byStatus_failed_FAIL1_details"
                       class="testMethodDetails">
                     <div>
                        <b>Name: </b>LoginTest
                     </div>
                     <div>
                        <b>Signature: </b>LoginTest(java.lang.String, java.lang.String, java.lang.String, java.lang.String, java.lang.String, java.lang.String, java.lang.String,
                        java.lang.String, java.lang.String, java.lang.String, java.lang.String, java.lang.String, java.lang.String, java.lang.String,
                        java.lang.String, java.lang.String, java.lang.String, java.lang.String, java.lang.String, java.lang.String, java.lang.String,
                        java.lang.String, java.lang.String, java.lang.String, java.lang.String, java.lang.String, java.lang.String, java.lang.String,
                        java.lang.String, java.lang.String, java.lang.String, java.lang.String, java.lang.String, java.lang.String, java.lang.String,
                        java.lang.String, java.lang.String, java.lang.String, java.lang.String, java.lang.String, java.lang.String, java.lang.String,
                        java.lang.String, java.lang.String, java.lang.String, java.lang.String, java.lang.String, java.lang.String, java.lang.String,
                        java.lang.String, java.lang.String, java.lang.String, java.lang.String, java.lang.String, java.lang.String, java.lang.String,
                        java.lang.String)[pri:0, instance:com.quotations.VerifyValidSignUp@12bc6874]
                     </div>
                     <div>
                        <b>Parameters: </b>
                        
                        1.0
                        
                        ,
                        
                        external
                        
                        ,
                        
                        24419001
                        
                        ,
                        
                        Pasword@3
                        
                        ,
                        
                        Private Car
                        
                        ,
                        
                        Comprehensive
                        
                        ,
                        
                        09445
                        
                        ,
                        
                        Registered Car
                        
                        ,
                        
                        Private Car-Private Use
                        
                        ,
                        
                        KIA
                        
                        ,
                        
                        SEPHIA
                        
                        ,
                        
                        KIA SPORTAGE 2.0i A ModelChang
                        
                        ,
                        
                        2010
                        
                        ,
                        
                        1998
                        
                        ,
                        
                        ABCDEFG
                        
                        ,
                        
                        dsfds
                        
                        ,
                        
                        West Malaysia
                        
                        ,
                        
                        5
                        
                        ,
                        
                        74900
                        
                        ,
                        
                        Johor
                        
                        ,
                        
                        ABC3746
                        
                        ,
                        
                        DEF7464
                        
                        ,
                        
                        Individual
                        
                        ,
                        
                        Yes
                        
                        ,
                        
                        GSHER73645
                        
                        ,
                        
                        JSHYE345
                        
                        ,
                        
                        Feb
                        
                        ,
                        
                        12
                        
                        ,
                        
                        1974
                        
                        ,
                        
                        Yes
                        
                        ,
                        
                        10
                        
                        ,
                        
                        No
                        
                        ,
                        
                        0
                        
                        ,
                        
                        0
                        
                        ,
                        
                        0
                        
                        ,
                        
                        0
                        
                        ,
                        
                        Jul
                        
                        ,
                        
                        24
                        
                        ,
                        
                        2016
                        
                        ,
                        
                        CABRIOLET
                        
                        ,
                        
                        123423
                        
                        ,
                        
                        Parking Lot - Covered
                        
                        ,
                        
                        Driver's Side Airbags(1)
                        
                        ,
                        
                        (B) Alarm with Immobiliser
                        
                        ,
                        
                        Male
                        
                        ,
                        
                        MARRIED
                        
                        ,
                        
                        Company Director
                        
                        ,
                        
                        Andrew 
                        
                        ,
                        
                        Andrew John
                        
                        ,
                        
                        3421345432
                        
                        ,
                        
                        andrew@gmail.com
                        
                        ,
                        
                        23456
                        
                        ,
                        
                        MALAYSIA
                        
                        ,
                        
                        JOHOR
                        
                        ,
                        
                        Johor State
                        
                        ,
                        
                        Street1
                        
                        ,
                        
                        Block1
                        
                        
                     </div>
                     <div>
                        <b>Start time: </b>11:40:05
                     </div>
                     <div>
                        <b>End time: </b>11:40:50
                     </div>
                     <div>
                        <b>Duration: </b>44s
                        
                     </div>
                  </div>
               </td>
            </tr>
            <tr>
               <td colspan="4" class="detailsBox">
                  <div id="com.quotations.VerifyValidSignUp_LoginTest_byStatus_failed_FAIL1_exception"
                       class="testMethodDetails">
                     <pre style="padding: 5px; margin: 0;">org.openqa.selenium.NoSuchElementException: no such element: Unable to locate element: {"method":"xpath","selector":"html/body/div[3]/form/div[3]/div[2]/table/tbody/tr/td/div/table/tbody/tr/td/div/span/div/div[2]/div[2]/div/div[1]/div/div/div/div/div/div[3]/div/div/span/button"}
                        (Session info: chrome=51.0.2704.106)
                        (Driver info: chromedriver=2.21.371459 (36d3d07f660ff2bc1bf28a75d1cdabed0983e7c4),platform=Windows NT 10.0 x86_64) (WARNING:
                        The server did not provide any stacktrace information)
                        Command duration or timeout: 30.04 seconds
                        For documentation on this error, please visit: http://seleniumhq.org/exceptions/no_such_element.html
                        Build info: version: '2.53.0', revision: '35ae25b', time: '2016-03-15 17:00:58'
                        System info: host: 'user-PC', ip: '192.168.1.113', os.name: 'Windows 10', os.arch: 'amd64', os.version: '10.0', java.version:
                        '1.8.0_91'
                        Driver info: org.openqa.selenium.chrome.ChromeDriver
                        Capabilities [{applicationCacheEnabled=false, rotatable=false, mobileEmulationEnabled=false, chrome={chromedriverVersion=2.21.371459
                        (36d3d07f660ff2bc1bf28a75d1cdabed0983e7c4), userDataDir=C:\temp\scoped_dir8236_6801}, takesHeapSnapshot=true, databaseEnabled=false,
                        handlesAlerts=true, hasTouchScreen=false, version=51.0.2704.106, platform=XP, browserConnectionEnabled=false, nativeEvents=true,
                        acceptSslCerts=true, locationContextEnabled=true, webStorageEnabled=true, browserName=chrome, takesScreenshot=true, javascriptEnabled=true,
                        cssSelectorsEnabled=true}]
                        Session ID: 18b018bc635663819050e88d982c747c
                        *** Element info: {Using=xpath, value=html/body/div[3]/form/div[3]/div[2]/table/tbody/tr/td/div/table/tbody/tr/td/div/span/div/div[2]/div[2]/div/div[1]/div/div/div/div/div/div[3]/div/div/span/button}
                        	at sun.reflect.NativeConstructorAccessorImpl.newInstance0(Native Method)
                        	at sun.reflect.NativeConstructorAccessorImpl.newInstance(NativeConstructorAccessorImpl.java:62)
                        	at sun.reflect.DelegatingConstructorAccessorImpl.newInstance(DelegatingConstructorAccessorImpl.java:45)
                        	at java.lang.reflect.Constructor.newInstance(Constructor.java:423)
                        	at org.openqa.selenium.remote.ErrorHandler.createThrowable(ErrorHandler.java:206)
                        	at org.openqa.selenium.remote.ErrorHandler.throwIfResponseFailed(ErrorHandler.java:158)
                        	at org.openqa.selenium.remote.RemoteWebDriver.execute(RemoteWebDriver.java:678)
                        	at org.openqa.selenium.remote.RemoteWebDriver.findElement(RemoteWebDriver.java:363)
                        	at org.openqa.selenium.remote.RemoteWebDriver.findElementByXPath(RemoteWebDriver.java:500)
                        	at org.openqa.selenium.By$ByXPath.findElement(By.java:361)
                        	at org.openqa.selenium.remote.RemoteWebDriver.findElement(RemoteWebDriver.java:355)
                        	at com.quotations.VerifyValidSignUp.LoginTest(VerifyValidSignUp.java:158)
                        	at sun.reflect.NativeMethodAccessorImpl.invoke0(Native Method)
                        	at sun.reflect.NativeMethodAccessorImpl.invoke(NativeMethodAccessorImpl.java:62)
                        	at sun.reflect.DelegatingMethodAccessorImpl.invoke(DelegatingMethodAccessorImpl.java:43)
                        	at java.lang.reflect.Method.invoke(Method.java:498)
                        	at org.testng.internal.MethodInvocationHelper.invokeMethod(MethodInvocationHelper.java:85)
                        	at org.testng.internal.Invoker.invokeMethod(Invoker.java:639)
                        	at org.testng.internal.Invoker.invokeTestMethod(Invoker.java:816)
                        	at org.testng.internal.Invoker.invokeTestMethods(Invoker.java:1124)
                        	at org.testng.internal.TestMethodWorker.invokeTestMethods(TestMethodWorker.java:125)
                        	at org.testng.internal.TestMethodWorker.run(TestMethodWorker.java:108)
                        	at org.testng.TestRunner.privateRun(TestRunner.java:774)
                        	at org.testng.TestRunner.run(TestRunner.java:624)
                        	at org.testng.SuiteRunner.runTest(SuiteRunner.java:359)
                        	at org.testng.SuiteRunner.runSequentially(SuiteRunner.java:354)
                        	at org.testng.SuiteRunner.privateRun(SuiteRunner.java:312)
                        	at org.testng.SuiteRunner.run(SuiteRunner.java:261)
                        	at org.testng.SuiteRunnerWorker.runSuite(SuiteRunnerWorker.java:52)
                        	at org.testng.SuiteRunnerWorker.run(SuiteRunnerWorker.java:86)
                        	at org.testng.TestNG.runSuitesSequentially(TestNG.java:1215)
                        	at org.testng.TestNG.runSuitesLocally(TestNG.java:1140)
                        	at org.testng.TestNG.run(TestNG.java:1048)
                        	at org.testng.TestNG.privateMain(TestNG.java:1355)
                        	at org.testng.TestNG.main(TestNG.java:1324)
                     </pre>
                  </div>
               </td>
            </tr>
            <tr id="com.quotations.VerifyValidSignUp_LoginTest_byStatus_failed_FAIL2_row"
                class="testMethodStatusFAIL">
               <td width="100%" class="firstMethodCell">
                  <a onclick="toggleDetailsVisibility('com.quotations.VerifyValidSignUp_LoginTest_byStatus_failed_FAIL2_details')">LoginTest(2.0
                     
                     ,
                     
                     internal
                     
                     ,
                     
                     syairulizam.shaharudin@axa.com.my
                     
                     ,
                     
                     Gtomuattwo3
                     
                     ,
                     
                     Private Car
                     
                     ,
                     
                     Comprehensive
                     
                     ,
                     
                     09445
                     
                     ,
                     
                     Registered Car
                     
                     ,
                     
                     Private Car-Private Use
                     
                     ,
                     
                     KIA
                     
                     ,
                     
                     SEPHIA
                     
                     ,
                     
                     KIA SPORTAGE 2.0i A ModelChang
                     
                     ,
                     
                     2010
                     
                     ,
                     
                     1998
                     
                     ,
                     
                     ABCDEFG
                     
                     ,
                     
                     dsfds
                     
                     ,
                     
                     West Malaysia
                     
                     ,
                     
                     5
                     
                     ,
                     
                     74900
                     
                     ,
                     
                     Johor
                     
                     ,
                     
                     ABC3746
                     
                     ,
                     
                     DEF7464
                     
                     ,
                     
                     Individual
                     
                     ,
                     
                     Yes
                     
                     ,
                     
                     GSHER73645
                     
                     ,
                     
                     JSHYE345
                     
                     ,
                     
                     Feb
                     
                     ,
                     
                     12
                     
                     ,
                     
                     1974
                     
                     ,
                     
                     Yes
                     
                     ,
                     
                     10
                     
                     ,
                     
                     No
                     
                     ,
                     
                     0
                     
                     ,
                     
                     0
                     
                     ,
                     
                     0
                     
                     ,
                     
                     0
                     
                     ,
                     
                     Jul
                     
                     ,
                     
                     24
                     
                     ,
                     
                     2016
                     
                     ,
                     
                     CABRIOLET
                     
                     ,
                     
                     123423
                     
                     ,
                     
                     Parking Lot - Covered
                     
                     ,
                     
                     Driver's Side Airbags(1)
                     
                     ,
                     
                     (B) Alarm with Immobiliser
                     
                     ,
                     
                     Male
                     
                     ,
                     
                     MARRIED
                     
                     ,
                     
                     Company Director
                     
                     ,
                     
                     Andrew 
                     
                     ,
                     
                     Andrew John
                     
                     ,
                     
                     3421345432
                     
                     ,
                     
                     andrew@gmail.com
                     
                     ,
                     
                     23456
                     
                     ,
                     
                     MALAYSIA
                     
                     ,
                     
                     JOHOR
                     
                     ,
                     
                     Johor State
                     
                     ,
                     
                     Street1
                     
                     ,
                     
                     Block1)
                  </a>
               </td>
               <td nowrap="true">11:40:50</td>
               <td nowrap="true" align="right">31s
                  
               </td>
               <td nowrap="true">
                  <a onclick="toggleDetailsVisibility('com.quotations.VerifyValidSignUp_LoginTest_byStatus_failed_FAIL2_exception')">org.openqa.selenium.NoSuchElementException: 
                     no such element: Unable to locate element: {"method":"xpath","selector":"//*[@id='EXPAND-OUTERFRAME']/div[2]/div/div/div/div/div/div/div[1]/div/div/div/div/div[2]/div/div/div/div/div[1]/div/div/span/a"}
                     (Session info: chrome=51.0.2704.106)
                     (Driver info: chromedriver=2.21.371459 (36d3d07f660ff2bc1bf28a75d1cdabed0983e7c4),platform=Windows NT 10.0 x86_64) (WARNING:
                     The server did not provide any stacktrace information)
                     Command duration or timeout: 30.03 seconds
                     For documentation on this error, please visit: http://seleniumhq.org/exceptions/no_such_element.html
                     Build info: version: '2.53.0', revision: '35ae25b', time: '2016-03-15 17:00:58'
                     System info: host: 'user-PC', ip: '192.168.1.113', os.name: 'Windows 10', os.arch: 'amd64', os.version: '10.0', java.version:
                     '1.8.0_91'
                     Driver info: org.openqa.selenium.chrome.ChromeDriver
                     Capabilities [{applicationCacheEnabled=false, rotatable=false, mobileEmulationEnabled=false, chrome={chromedriverVersion=2.21.371459
                     (36d3d07f660ff2bc1bf28a75d1cdabed0983e7c4), userDataDir=C:\temp\scoped_dir8236_6801}, takesHeapSnapshot=true, databaseEnabled=false,
                     handlesAlerts=true, hasTouchScreen=false, version=51.0.2704.106, platform=XP, browserConnectionEnabled=false, nativeEvents=true,
                     acceptSslCerts=true, locationContextEnabled=true, webStorageEnabled=true, browserName=chrome, takesScreenshot=true, javascriptEnabled=true,
                     cssSelectorsEnabled=true}]
                     Session ID: 18b018bc635663819050e88d982c747c
                     *** Element info: {Using=xpath, value=//*[@id='EXPAND-OUTERFRAME']/div[2]/div/div/div/div/div/div/div[1]/div/div/div/div/div[2]/div/div/div/div/div[1]/div/div/span/a}
                     
                  </a>
                   
                  
               </td>
            </tr>
            <tr>
               <td colspan="4" class="detailsBox">
                  <div id="com.quotations.VerifyValidSignUp_LoginTest_byStatus_failed_FAIL2_details"
                       class="testMethodDetails">
                     <div>
                        <b>Name: </b>LoginTest
                     </div>
                     <div>
                        <b>Signature: </b>LoginTest(java.lang.String, java.lang.String, java.lang.String, java.lang.String, java.lang.String, java.lang.String, java.lang.String,
                        java.lang.String, java.lang.String, java.lang.String, java.lang.String, java.lang.String, java.lang.String, java.lang.String,
                        java.lang.String, java.lang.String, java.lang.String, java.lang.String, java.lang.String, java.lang.String, java.lang.String,
                        java.lang.String, java.lang.String, java.lang.String, java.lang.String, java.lang.String, java.lang.String, java.lang.String,
                        java.lang.String, java.lang.String, java.lang.String, java.lang.String, java.lang.String, java.lang.String, java.lang.String,
                        java.lang.String, java.lang.String, java.lang.String, java.lang.String, java.lang.String, java.lang.String, java.lang.String,
                        java.lang.String, java.lang.String, java.lang.String, java.lang.String, java.lang.String, java.lang.String, java.lang.String,
                        java.lang.String, java.lang.String, java.lang.String, java.lang.String, java.lang.String, java.lang.String, java.lang.String,
                        java.lang.String)[pri:0, instance:com.quotations.VerifyValidSignUp@12bc6874]
                     </div>
                     <div>
                        <b>Parameters: </b>
                        
                        2.0
                        
                        ,
                        
                        internal
                        
                        ,
                        
                        syairulizam.shaharudin@axa.com.my
                        
                        ,
                        
                        Gtomuattwo3
                        
                        ,
                        
                        Private Car
                        
                        ,
                        
                        Comprehensive
                        
                        ,
                        
                        09445
                        
                        ,
                        
                        Registered Car
                        
                        ,
                        
                        Private Car-Private Use
                        
                        ,
                        
                        KIA
                        
                        ,
                        
                        SEPHIA
                        
                        ,
                        
                        KIA SPORTAGE 2.0i A ModelChang
                        
                        ,
                        
                        2010
                        
                        ,
                        
                        1998
                        
                        ,
                        
                        ABCDEFG
                        
                        ,
                        
                        dsfds
                        
                        ,
                        
                        West Malaysia
                        
                        ,
                        
                        5
                        
                        ,
                        
                        74900
                        
                        ,
                        
                        Johor
                        
                        ,
                        
                        ABC3746
                        
                        ,
                        
                        DEF7464
                        
                        ,
                        
                        Individual
                        
                        ,
                        
                        Yes
                        
                        ,
                        
                        GSHER73645
                        
                        ,
                        
                        JSHYE345
                        
                        ,
                        
                        Feb
                        
                        ,
                        
                        12
                        
                        ,
                        
                        1974
                        
                        ,
                        
                        Yes
                        
                        ,
                        
                        10
                        
                        ,
                        
                        No
                        
                        ,
                        
                        0
                        
                        ,
                        
                        0
                        
                        ,
                        
                        0
                        
                        ,
                        
                        0
                        
                        ,
                        
                        Jul
                        
                        ,
                        
                        24
                        
                        ,
                        
                        2016
                        
                        ,
                        
                        CABRIOLET
                        
                        ,
                        
                        123423
                        
                        ,
                        
                        Parking Lot - Covered
                        
                        ,
                        
                        Driver's Side Airbags(1)
                        
                        ,
                        
                        (B) Alarm with Immobiliser
                        
                        ,
                        
                        Male
                        
                        ,
                        
                        MARRIED
                        
                        ,
                        
                        Company Director
                        
                        ,
                        
                        Andrew 
                        
                        ,
                        
                        Andrew John
                        
                        ,
                        
                        3421345432
                        
                        ,
                        
                        andrew@gmail.com
                        
                        ,
                        
                        23456
                        
                        ,
                        
                        MALAYSIA
                        
                        ,
                        
                        JOHOR
                        
                        ,
                        
                        Johor State
                        
                        ,
                        
                        Street1
                        
                        ,
                        
                        Block1
                        
                        
                     </div>
                     <div>
                        <b>Start time: </b>11:40:50
                     </div>
                     <div>
                        <b>End time: </b>11:41:21
                     </div>
                     <div>
                        <b>Duration: </b>31s
                        
                     </div>
                  </div>
               </td>
            </tr>
            <tr>
               <td colspan="4" class="detailsBox">
                  <div id="com.quotations.VerifyValidSignUp_LoginTest_byStatus_failed_FAIL2_exception"
                       class="testMethodDetails">
                     <pre style="padding: 5px; margin: 0;">org.openqa.selenium.NoSuchElementException: no such element: Unable to locate element: {"method":"xpath","selector":"//*[@id='EXPAND-OUTERFRAME']/div[2]/div/div/div/div/div/div/div[1]/div/div/div/div/div[2]/div/div/div/div/div[1]/div/div/span/a"}
                        (Session info: chrome=51.0.2704.106)
                        (Driver info: chromedriver=2.21.371459 (36d3d07f660ff2bc1bf28a75d1cdabed0983e7c4),platform=Windows NT 10.0 x86_64) (WARNING:
                        The server did not provide any stacktrace information)
                        Command duration or timeout: 30.03 seconds
                        For documentation on this error, please visit: http://seleniumhq.org/exceptions/no_such_element.html
                        Build info: version: '2.53.0', revision: '35ae25b', time: '2016-03-15 17:00:58'
                        System info: host: 'user-PC', ip: '192.168.1.113', os.name: 'Windows 10', os.arch: 'amd64', os.version: '10.0', java.version:
                        '1.8.0_91'
                        Driver info: org.openqa.selenium.chrome.ChromeDriver
                        Capabilities [{applicationCacheEnabled=false, rotatable=false, mobileEmulationEnabled=false, chrome={chromedriverVersion=2.21.371459
                        (36d3d07f660ff2bc1bf28a75d1cdabed0983e7c4), userDataDir=C:\temp\scoped_dir8236_6801}, takesHeapSnapshot=true, databaseEnabled=false,
                        handlesAlerts=true, hasTouchScreen=false, version=51.0.2704.106, platform=XP, browserConnectionEnabled=false, nativeEvents=true,
                        acceptSslCerts=true, locationContextEnabled=true, webStorageEnabled=true, browserName=chrome, takesScreenshot=true, javascriptEnabled=true,
                        cssSelectorsEnabled=true}]
                        Session ID: 18b018bc635663819050e88d982c747c
                        *** Element info: {Using=xpath, value=//*[@id='EXPAND-OUTERFRAME']/div[2]/div/div/div/div/div/div/div[1]/div/div/div/div/div[2]/div/div/div/div/div[1]/div/div/span/a}
                        	at sun.reflect.NativeConstructorAccessorImpl.newInstance0(Native Method)
                        	at sun.reflect.NativeConstructorAccessorImpl.newInstance(NativeConstructorAccessorImpl.java:62)
                        	at sun.reflect.DelegatingConstructorAccessorImpl.newInstance(DelegatingConstructorAccessorImpl.java:45)
                        	at java.lang.reflect.Constructor.newInstance(Constructor.java:423)
                        	at org.openqa.selenium.remote.ErrorHandler.createThrowable(ErrorHandler.java:206)
                        	at org.openqa.selenium.remote.ErrorHandler.throwIfResponseFailed(ErrorHandler.java:158)
                        	at org.openqa.selenium.remote.RemoteWebDriver.execute(RemoteWebDriver.java:678)
                        	at org.openqa.selenium.remote.RemoteWebDriver.findElement(RemoteWebDriver.java:363)
                        	at org.openqa.selenium.remote.RemoteWebDriver.findElementByXPath(RemoteWebDriver.java:500)
                        	at org.openqa.selenium.By$ByXPath.findElement(By.java:361)
                        	at org.openqa.selenium.remote.RemoteWebDriver.findElement(RemoteWebDriver.java:355)
                        	at com.quotations.VerifyValidSignUp.LoginTest(VerifyValidSignUp.java:116)
                        	at sun.reflect.NativeMethodAccessorImpl.invoke0(Native Method)
                        	at sun.reflect.NativeMethodAccessorImpl.invoke(NativeMethodAccessorImpl.java:62)
                        	at sun.reflect.DelegatingMethodAccessorImpl.invoke(DelegatingMethodAccessorImpl.java:43)
                        	at java.lang.reflect.Method.invoke(Method.java:498)
                        	at org.testng.internal.MethodInvocationHelper.invokeMethod(MethodInvocationHelper.java:85)
                        	at org.testng.internal.Invoker.invokeMethod(Invoker.java:639)
                        	at org.testng.internal.Invoker.invokeTestMethod(Invoker.java:816)
                        	at org.testng.internal.Invoker.invokeTestMethods(Invoker.java:1124)
                        	at org.testng.internal.TestMethodWorker.invokeTestMethods(TestMethodWorker.java:125)
                        	at org.testng.internal.TestMethodWorker.run(TestMethodWorker.java:108)
                        	at org.testng.TestRunner.privateRun(TestRunner.java:774)
                        	at org.testng.TestRunner.run(TestRunner.java:624)
                        	at org.testng.SuiteRunner.runTest(SuiteRunner.java:359)
                        	at org.testng.SuiteRunner.runSequentially(SuiteRunner.java:354)
                        	at org.testng.SuiteRunner.privateRun(SuiteRunner.java:312)
                        	at org.testng.SuiteRunner.run(SuiteRunner.java:261)
                        	at org.testng.SuiteRunnerWorker.runSuite(SuiteRunnerWorker.java:52)
                        	at org.testng.SuiteRunnerWorker.run(SuiteRunnerWorker.java:86)
                        	at org.testng.TestNG.runSuitesSequentially(TestNG.java:1215)
                        	at org.testng.TestNG.runSuitesLocally(TestNG.java:1140)
                        	at org.testng.TestNG.run(TestNG.java:1048)
                        	at org.testng.TestNG.privateMain(TestNG.java:1355)
                        	at org.testng.TestNG.main(TestNG.java:1324)
                     </pre>
                  </div>
               </td>
            </tr>
            <tr id="com.quotations.TestBase_beforeSuite_byStatus_passed_PASS1_row"
                class="testMethodStatusPASS testMethodStatusCONF">
               <td width="100%" class="firstMethodCell">
                  <a onclick="toggleDetailsVisibility('com.quotations.TestBase_beforeSuite_byStatus_passed_PASS1_details')">beforeSuite()</a>
               </td>
               <td nowrap="true">11:40:01</td>
               <td nowrap="true" align="right">3s
                  
               </td>
               <td nowrap="true">
                   
                  
               </td>
            </tr>
            <tr>
               <td colspan="4" class="detailsBox">
                  <div id="com.quotations.TestBase_beforeSuite_byStatus_passed_PASS1_details"
                       class="testMethodDetails">
                     <div>
                        <b>Name: </b>beforeSuite
                     </div>
                     <div>
                        <b>Signature: </b>beforeSuite()[pri:0, instance:com.quotations.TestBase@ba4d54]
                     </div>
                     <div>
                        <b>Start time: </b>11:40:01
                     </div>
                     <div>
                        <b>End time: </b>11:40:04
                     </div>
                     <div>
                        <b>Duration: </b>3s
                        
                     </div>
                  </div>
               </td>
            </tr>
            <tr></tr>
            <tr id="com.quotations.TestBase_afterSuite_byStatus_passed_PASS2_row"
                class="testMethodStatusPASS testMethodStatusCONF">
               <td width="100%" class="firstMethodCell">
                  <a onclick="toggleDetailsVisibility('com.quotations.TestBase_afterSuite_byStatus_passed_PASS2_details')">afterSuite()</a>
               </td>
               <td nowrap="true">11:41:21</td>
               <td nowrap="true" align="right">0 ms
                  
               </td>
               <td nowrap="true">
                   
                  
               </td>
            </tr>
            <tr>
               <td colspan="4" class="detailsBox">
                  <div id="com.quotations.TestBase_afterSuite_byStatus_passed_PASS2_details"
                       class="testMethodDetails">
                     <div>
                        <b>Name: </b>afterSuite
                     </div>
                     <div>
                        <b>Signature: </b>afterSuite()[pri:0, instance:com.quotations.TestBase@ba4d54]
                     </div>
                     <div>
                        <b>Start time: </b>11:41:21
                     </div>
                     <div>
                        <b>End time: </b>11:41:21
                     </div>
                     <div>
                        <b>Duration: </b>0 ms
                        
                     </div>
                  </div>
               </td>
            </tr>
            <tr></tr>
            <tr id="com.quotations.VerifyValidSignUp_beforeSignUp_byStatus_passed_PASS3_row"
                class="testMethodStatusPASS testMethodStatusCONF">
               <td width="100%" class="firstMethodCell">
                  <a onclick="toggleDetailsVisibility('com.quotations.VerifyValidSignUp_beforeSignUp_byStatus_passed_PASS3_details')">beforeSignUp()</a>
               </td>
               <td nowrap="true">11:40:04</td>
               <td nowrap="true" align="right">156 ms
                  
               </td>
               <td nowrap="true">
                   
                  
               </td>
            </tr>
            <tr>
               <td colspan="4" class="detailsBox">
                  <div id="com.quotations.VerifyValidSignUp_beforeSignUp_byStatus_passed_PASS3_details"
                       class="testMethodDetails">
                     <div>
                        <b>Name: </b>beforeSignUp
                     </div>
                     <div>
                        <b>Signature: </b>beforeSignUp()[pri:0, instance:com.quotations.VerifyValidSignUp@12bc6874]
                     </div>
                     <div>
                        <b>Start time: </b>11:40:04
                     </div>
                     <div>
                        <b>End time: </b>11:40:05
                     </div>
                     <div>
                        <b>Duration: </b>156 ms
                        
                     </div>
                  </div>
               </td>
            </tr>
            <tr></tr>
            <tr id="com.quotations.VerifyValidSignUp_afterSignUp_byStatus_passed_PASS4_row"
                class="testMethodStatusPASS testMethodStatusCONF">
               <td width="100%" class="firstMethodCell">
                  <a onclick="toggleDetailsVisibility('com.quotations.VerifyValidSignUp_afterSignUp_byStatus_passed_PASS4_details')">afterSignUp()</a>
               </td>
               <td nowrap="true">11:41:21</td>
               <td nowrap="true" align="right">1 ms
                  
               </td>
               <td nowrap="true">
                   
                  
               </td>
            </tr>
            <tr>
               <td colspan="4" class="detailsBox">
                  <div id="com.quotations.VerifyValidSignUp_afterSignUp_byStatus_passed_PASS4_details"
                       class="testMethodDetails">
                     <div>
                        <b>Name: </b>afterSignUp
                     </div>
                     <div>
                        <b>Signature: </b>afterSignUp()[pri:0, instance:com.quotations.VerifyValidSignUp@12bc6874]
                     </div>
                     <div>
                        <b>Start time: </b>11:41:21
                     </div>
                     <div>
                        <b>End time: </b>11:41:21
                     </div>
                     <div>
                        <b>Duration: </b>1 ms
                        
                     </div>
                  </div>
               </td>
            </tr>
            <tr></tr>
         </table>
      </div>
      <div id="testMethodsByClass">
         <table class="testMethodsTable" cellpadding="0" cellspacing="0">
            <tr>
               <td colspan="4">
                  <h3 style="display: inline;">com.quotations.TestBase</h3>
               </td>
            </tr>
            <tr class="methodsTableHeader">
               <td width="100%">Name</td>
               <td nowrap="true">Started</td>
               <td nowrap="true">Duration</td>
               <td>Exception</td>
            </tr>
            <tr id="com.quotations.TestBase_beforeSuite_byClass_PASS1_row"
                class="testMethodStatusPASS testMethodStatusCONF">
               <td width="100%" class="firstMethodCell">
                  <a onclick="toggleDetailsVisibility('com.quotations.TestBase_beforeSuite_byClass_PASS1_details')">beforeSuite()</a>
               </td>
               <td nowrap="true">11:40:01</td>
               <td nowrap="true" align="right">3s
                  
               </td>
               <td nowrap="true">
                   
                  
               </td>
            </tr>
            <tr>
               <td colspan="4" class="detailsBox">
                  <div id="com.quotations.TestBase_beforeSuite_byClass_PASS1_details"
                       class="testMethodDetails">
                     <div>
                        <b>Name: </b>beforeSuite
                     </div>
                     <div>
                        <b>Signature: </b>beforeSuite()[pri:0, instance:com.quotations.TestBase@ba4d54]
                     </div>
                     <div>
                        <b>Start time: </b>11:40:01
                     </div>
                     <div>
                        <b>End time: </b>11:40:04
                     </div>
                     <div>
                        <b>Duration: </b>3s
                        
                     </div>
                  </div>
               </td>
            </tr>
            <tr></tr>
            <tr id="com.quotations.TestBase_afterSuite_byClass_PASS2_row"
                class="testMethodStatusPASS testMethodStatusCONF">
               <td width="100%" class="firstMethodCell">
                  <a onclick="toggleDetailsVisibility('com.quotations.TestBase_afterSuite_byClass_PASS2_details')">afterSuite()</a>
               </td>
               <td nowrap="true">11:41:21</td>
               <td nowrap="true" align="right">0 ms
                  
               </td>
               <td nowrap="true">
                   
                  
               </td>
            </tr>
            <tr>
               <td colspan="4" class="detailsBox">
                  <div id="com.quotations.TestBase_afterSuite_byClass_PASS2_details"
                       class="testMethodDetails">
                     <div>
                        <b>Name: </b>afterSuite
                     </div>
                     <div>
                        <b>Signature: </b>afterSuite()[pri:0, instance:com.quotations.TestBase@ba4d54]
                     </div>
                     <div>
                        <b>Start time: </b>11:41:21
                     </div>
                     <div>
                        <b>End time: </b>11:41:21
                     </div>
                     <div>
                        <b>Duration: </b>0 ms
                        
                     </div>
                  </div>
               </td>
            </tr>
            <tr></tr>
         </table>
         <br></br>
         <table class="testMethodsTable" cellpadding="0" cellspacing="0">
            <tr>
               <td colspan="4">
                  <h3 style="display: inline;">com.quotations.VerifyValidSignUp</h3>
               </td>
            </tr>
            <tr class="methodsTableHeader">
               <td width="100%">Name</td>
               <td nowrap="true">Started</td>
               <td nowrap="true">Duration</td>
               <td>Exception</td>
            </tr>
            <tr id="com.quotations.VerifyValidSignUp_beforeSignUp_byClass_PASS1_row"
                class="testMethodStatusPASS testMethodStatusCONF">
               <td width="100%" class="firstMethodCell">
                  <a onclick="toggleDetailsVisibility('com.quotations.VerifyValidSignUp_beforeSignUp_byClass_PASS1_details')">beforeSignUp()</a>
               </td>
               <td nowrap="true">11:40:04</td>
               <td nowrap="true" align="right">156 ms
                  
               </td>
               <td nowrap="true">
                   
                  
               </td>
            </tr>
            <tr>
               <td colspan="4" class="detailsBox">
                  <div id="com.quotations.VerifyValidSignUp_beforeSignUp_byClass_PASS1_details"
                       class="testMethodDetails">
                     <div>
                        <b>Name: </b>beforeSignUp
                     </div>
                     <div>
                        <b>Signature: </b>beforeSignUp()[pri:0, instance:com.quotations.VerifyValidSignUp@12bc6874]
                     </div>
                     <div>
                        <b>Start time: </b>11:40:04
                     </div>
                     <div>
                        <b>End time: </b>11:40:05
                     </div>
                     <div>
                        <b>Duration: </b>156 ms
                        
                     </div>
                  </div>
               </td>
            </tr>
            <tr></tr>
            <tr id="com.quotations.VerifyValidSignUp_LoginTest_byClass_FAIL2_row"
                class="testMethodStatusFAIL">
               <td width="100%" class="firstMethodCell">
                  <a onclick="toggleDetailsVisibility('com.quotations.VerifyValidSignUp_LoginTest_byClass_FAIL2_details')">LoginTest(1.0
                     
                     ,
                     
                     external
                     
                     ,
                     
                     24419001
                     
                     ,
                     
                     Pasword@3
                     
                     ,
                     
                     Private Car
                     
                     ,
                     
                     Comprehensive
                     
                     ,
                     
                     09445
                     
                     ,
                     
                     Registered Car
                     
                     ,
                     
                     Private Car-Private Use
                     
                     ,
                     
                     KIA
                     
                     ,
                     
                     SEPHIA
                     
                     ,
                     
                     KIA SPORTAGE 2.0i A ModelChang
                     
                     ,
                     
                     2010
                     
                     ,
                     
                     1998
                     
                     ,
                     
                     ABCDEFG
                     
                     ,
                     
                     dsfds
                     
                     ,
                     
                     West Malaysia
                     
                     ,
                     
                     5
                     
                     ,
                     
                     74900
                     
                     ,
                     
                     Johor
                     
                     ,
                     
                     ABC3746
                     
                     ,
                     
                     DEF7464
                     
                     ,
                     
                     Individual
                     
                     ,
                     
                     Yes
                     
                     ,
                     
                     GSHER73645
                     
                     ,
                     
                     JSHYE345
                     
                     ,
                     
                     Feb
                     
                     ,
                     
                     12
                     
                     ,
                     
                     1974
                     
                     ,
                     
                     Yes
                     
                     ,
                     
                     10
                     
                     ,
                     
                     No
                     
                     ,
                     
                     0
                     
                     ,
                     
                     0
                     
                     ,
                     
                     0
                     
                     ,
                     
                     0
                     
                     ,
                     
                     Jul
                     
                     ,
                     
                     24
                     
                     ,
                     
                     2016
                     
                     ,
                     
                     CABRIOLET
                     
                     ,
                     
                     123423
                     
                     ,
                     
                     Parking Lot - Covered
                     
                     ,
                     
                     Driver's Side Airbags(1)
                     
                     ,
                     
                     (B) Alarm with Immobiliser
                     
                     ,
                     
                     Male
                     
                     ,
                     
                     MARRIED
                     
                     ,
                     
                     Company Director
                     
                     ,
                     
                     Andrew 
                     
                     ,
                     
                     Andrew John
                     
                     ,
                     
                     3421345432
                     
                     ,
                     
                     andrew@gmail.com
                     
                     ,
                     
                     23456
                     
                     ,
                     
                     MALAYSIA
                     
                     ,
                     
                     JOHOR
                     
                     ,
                     
                     Johor State
                     
                     ,
                     
                     Street1
                     
                     ,
                     
                     Block1)
                  </a>
               </td>
               <td nowrap="true">11:40:05</td>
               <td nowrap="true" align="right">44s
                  
               </td>
               <td nowrap="true">
                  <a onclick="toggleDetailsVisibility('com.quotations.VerifyValidSignUp_LoginTest_byClass_FAIL2_exception')">org.openqa.selenium.NoSuchElementException: 
                     no such element: Unable to locate element: {"method":"xpath","selector":"html/body/div[3]/form/div[3]/div[2]/table/tbody/tr/td/div/table/tbody/tr/td/div/span/div/div[2]/div[2]/div/div[1]/div/div/div/div/div/div[3]/div/div/span/button"}
                     (Session info: chrome=51.0.2704.106)
                     (Driver info: chromedriver=2.21.371459 (36d3d07f660ff2bc1bf28a75d1cdabed0983e7c4),platform=Windows NT 10.0 x86_64) (WARNING:
                     The server did not provide any stacktrace information)
                     Command duration or timeout: 30.04 seconds
                     For documentation on this error, please visit: http://seleniumhq.org/exceptions/no_such_element.html
                     Build info: version: '2.53.0', revision: '35ae25b', time: '2016-03-15 17:00:58'
                     System info: host: 'user-PC', ip: '192.168.1.113', os.name: 'Windows 10', os.arch: 'amd64', os.version: '10.0', java.version:
                     '1.8.0_91'
                     Driver info: org.openqa.selenium.chrome.ChromeDriver
                     Capabilities [{applicationCacheEnabled=false, rotatable=false, mobileEmulationEnabled=false, chrome={chromedriverVersion=2.21.371459
                     (36d3d07f660ff2bc1bf28a75d1cdabed0983e7c4), userDataDir=C:\temp\scoped_dir8236_6801}, takesHeapSnapshot=true, databaseEnabled=false,
                     handlesAlerts=true, hasTouchScreen=false, version=51.0.2704.106, platform=XP, browserConnectionEnabled=false, nativeEvents=true,
                     acceptSslCerts=true, locationContextEnabled=true, webStorageEnabled=true, browserName=chrome, takesScreenshot=true, javascriptEnabled=true,
                     cssSelectorsEnabled=true}]
                     Session ID: 18b018bc635663819050e88d982c747c
                     *** Element info: {Using=xpath, value=html/body/div[3]/form/div[3]/div[2]/table/tbody/tr/td/div/table/tbody/tr/td/div/span/div/div[2]/div[2]/div/div[1]/div/div/div/div/div/div[3]/div/div/span/button}
                     
                  </a>
                   
                  
               </td>
            </tr>
            <tr>
               <td colspan="4" class="detailsBox">
                  <div id="com.quotations.VerifyValidSignUp_LoginTest_byClass_FAIL2_details"
                       class="testMethodDetails">
                     <div>
                        <b>Name: </b>LoginTest
                     </div>
                     <div>
                        <b>Signature: </b>LoginTest(java.lang.String, java.lang.String, java.lang.String, java.lang.String, java.lang.String, java.lang.String, java.lang.String,
                        java.lang.String, java.lang.String, java.lang.String, java.lang.String, java.lang.String, java.lang.String, java.lang.String,
                        java.lang.String, java.lang.String, java.lang.String, java.lang.String, java.lang.String, java.lang.String, java.lang.String,
                        java.lang.String, java.lang.String, java.lang.String, java.lang.String, java.lang.String, java.lang.String, java.lang.String,
                        java.lang.String, java.lang.String, java.lang.String, java.lang.String, java.lang.String, java.lang.String, java.lang.String,
                        java.lang.String, java.lang.String, java.lang.String, java.lang.String, java.lang.String, java.lang.String, java.lang.String,
                        java.lang.String, java.lang.String, java.lang.String, java.lang.String, java.lang.String, java.lang.String, java.lang.String,
                        java.lang.String, java.lang.String, java.lang.String, java.lang.String, java.lang.String, java.lang.String, java.lang.String,
                        java.lang.String)[pri:0, instance:com.quotations.VerifyValidSignUp@12bc6874]
                     </div>
                     <div>
                        <b>Parameters: </b>
                        
                        1.0
                        
                        ,
                        
                        external
                        
                        ,
                        
                        24419001
                        
                        ,
                        
                        Pasword@3
                        
                        ,
                        
                        Private Car
                        
                        ,
                        
                        Comprehensive
                        
                        ,
                        
                        09445
                        
                        ,
                        
                        Registered Car
                        
                        ,
                        
                        Private Car-Private Use
                        
                        ,
                        
                        KIA
                        
                        ,
                        
                        SEPHIA
                        
                        ,
                        
                        KIA SPORTAGE 2.0i A ModelChang
                        
                        ,
                        
                        2010
                        
                        ,
                        
                        1998
                        
                        ,
                        
                        ABCDEFG
                        
                        ,
                        
                        dsfds
                        
                        ,
                        
                        West Malaysia
                        
                        ,
                        
                        5
                        
                        ,
                        
                        74900
                        
                        ,
                        
                        Johor
                        
                        ,
                        
                        ABC3746
                        
                        ,
                        
                        DEF7464
                        
                        ,
                        
                        Individual
                        
                        ,
                        
                        Yes
                        
                        ,
                        
                        GSHER73645
                        
                        ,
                        
                        JSHYE345
                        
                        ,
                        
                        Feb
                        
                        ,
                        
                        12
                        
                        ,
                        
                        1974
                        
                        ,
                        
                        Yes
                        
                        ,
                        
                        10
                        
                        ,
                        
                        No
                        
                        ,
                        
                        0
                        
                        ,
                        
                        0
                        
                        ,
                        
                        0
                        
                        ,
                        
                        0
                        
                        ,
                        
                        Jul
                        
                        ,
                        
                        24
                        
                        ,
                        
                        2016
                        
                        ,
                        
                        CABRIOLET
                        
                        ,
                        
                        123423
                        
                        ,
                        
                        Parking Lot - Covered
                        
                        ,
                        
                        Driver's Side Airbags(1)
                        
                        ,
                        
                        (B) Alarm with Immobiliser
                        
                        ,
                        
                        Male
                        
                        ,
                        
                        MARRIED
                        
                        ,
                        
                        Company Director
                        
                        ,
                        
                        Andrew 
                        
                        ,
                        
                        Andrew John
                        
                        ,
                        
                        3421345432
                        
                        ,
                        
                        andrew@gmail.com
                        
                        ,
                        
                        23456
                        
                        ,
                        
                        MALAYSIA
                        
                        ,
                        
                        JOHOR
                        
                        ,
                        
                        Johor State
                        
                        ,
                        
                        Street1
                        
                        ,
                        
                        Block1
                        
                        
                     </div>
                     <div>
                        <b>Start time: </b>11:40:05
                     </div>
                     <div>
                        <b>End time: </b>11:40:50
                     </div>
                     <div>
                        <b>Duration: </b>44s
                        
                     </div>
                  </div>
               </td>
            </tr>
            <tr>
               <td colspan="4" class="detailsBox">
                  <div id="com.quotations.VerifyValidSignUp_LoginTest_byClass_FAIL2_exception"
                       class="testMethodDetails">
                     <pre style="padding: 5px; margin: 0;">org.openqa.selenium.NoSuchElementException: no such element: Unable to locate element: {"method":"xpath","selector":"html/body/div[3]/form/div[3]/div[2]/table/tbody/tr/td/div/table/tbody/tr/td/div/span/div/div[2]/div[2]/div/div[1]/div/div/div/div/div/div[3]/div/div/span/button"}
                        (Session info: chrome=51.0.2704.106)
                        (Driver info: chromedriver=2.21.371459 (36d3d07f660ff2bc1bf28a75d1cdabed0983e7c4),platform=Windows NT 10.0 x86_64) (WARNING:
                        The server did not provide any stacktrace information)
                        Command duration or timeout: 30.04 seconds
                        For documentation on this error, please visit: http://seleniumhq.org/exceptions/no_such_element.html
                        Build info: version: '2.53.0', revision: '35ae25b', time: '2016-03-15 17:00:58'
                        System info: host: 'user-PC', ip: '192.168.1.113', os.name: 'Windows 10', os.arch: 'amd64', os.version: '10.0', java.version:
                        '1.8.0_91'
                        Driver info: org.openqa.selenium.chrome.ChromeDriver
                        Capabilities [{applicationCacheEnabled=false, rotatable=false, mobileEmulationEnabled=false, chrome={chromedriverVersion=2.21.371459
                        (36d3d07f660ff2bc1bf28a75d1cdabed0983e7c4), userDataDir=C:\temp\scoped_dir8236_6801}, takesHeapSnapshot=true, databaseEnabled=false,
                        handlesAlerts=true, hasTouchScreen=false, version=51.0.2704.106, platform=XP, browserConnectionEnabled=false, nativeEvents=true,
                        acceptSslCerts=true, locationContextEnabled=true, webStorageEnabled=true, browserName=chrome, takesScreenshot=true, javascriptEnabled=true,
                        cssSelectorsEnabled=true}]
                        Session ID: 18b018bc635663819050e88d982c747c
                        *** Element info: {Using=xpath, value=html/body/div[3]/form/div[3]/div[2]/table/tbody/tr/td/div/table/tbody/tr/td/div/span/div/div[2]/div[2]/div/div[1]/div/div/div/div/div/div[3]/div/div/span/button}
                        	at sun.reflect.NativeConstructorAccessorImpl.newInstance0(Native Method)
                        	at sun.reflect.NativeConstructorAccessorImpl.newInstance(NativeConstructorAccessorImpl.java:62)
                        	at sun.reflect.DelegatingConstructorAccessorImpl.newInstance(DelegatingConstructorAccessorImpl.java:45)
                        	at java.lang.reflect.Constructor.newInstance(Constructor.java:423)
                        	at org.openqa.selenium.remote.ErrorHandler.createThrowable(ErrorHandler.java:206)
                        	at org.openqa.selenium.remote.ErrorHandler.throwIfResponseFailed(ErrorHandler.java:158)
                        	at org.openqa.selenium.remote.RemoteWebDriver.execute(RemoteWebDriver.java:678)
                        	at org.openqa.selenium.remote.RemoteWebDriver.findElement(RemoteWebDriver.java:363)
                        	at org.openqa.selenium.remote.RemoteWebDriver.findElementByXPath(RemoteWebDriver.java:500)
                        	at org.openqa.selenium.By$ByXPath.findElement(By.java:361)
                        	at org.openqa.selenium.remote.RemoteWebDriver.findElement(RemoteWebDriver.java:355)
                        	at com.quotations.VerifyValidSignUp.LoginTest(VerifyValidSignUp.java:158)
                        	at sun.reflect.NativeMethodAccessorImpl.invoke0(Native Method)
                        	at sun.reflect.NativeMethodAccessorImpl.invoke(NativeMethodAccessorImpl.java:62)
                        	at sun.reflect.DelegatingMethodAccessorImpl.invoke(DelegatingMethodAccessorImpl.java:43)
                        	at java.lang.reflect.Method.invoke(Method.java:498)
                        	at org.testng.internal.MethodInvocationHelper.invokeMethod(MethodInvocationHelper.java:85)
                        	at org.testng.internal.Invoker.invokeMethod(Invoker.java:639)
                        	at org.testng.internal.Invoker.invokeTestMethod(Invoker.java:816)
                        	at org.testng.internal.Invoker.invokeTestMethods(Invoker.java:1124)
                        	at org.testng.internal.TestMethodWorker.invokeTestMethods(TestMethodWorker.java:125)
                        	at org.testng.internal.TestMethodWorker.run(TestMethodWorker.java:108)
                        	at org.testng.TestRunner.privateRun(TestRunner.java:774)
                        	at org.testng.TestRunner.run(TestRunner.java:624)
                        	at org.testng.SuiteRunner.runTest(SuiteRunner.java:359)
                        	at org.testng.SuiteRunner.runSequentially(SuiteRunner.java:354)
                        	at org.testng.SuiteRunner.privateRun(SuiteRunner.java:312)
                        	at org.testng.SuiteRunner.run(SuiteRunner.java:261)
                        	at org.testng.SuiteRunnerWorker.runSuite(SuiteRunnerWorker.java:52)
                        	at org.testng.SuiteRunnerWorker.run(SuiteRunnerWorker.java:86)
                        	at org.testng.TestNG.runSuitesSequentially(TestNG.java:1215)
                        	at org.testng.TestNG.runSuitesLocally(TestNG.java:1140)
                        	at org.testng.TestNG.run(TestNG.java:1048)
                        	at org.testng.TestNG.privateMain(TestNG.java:1355)
                        	at org.testng.TestNG.main(TestNG.java:1324)
                     </pre>
                  </div>
               </td>
            </tr>
            <tr id="com.quotations.VerifyValidSignUp_LoginTest_byClass_FAIL3_row"
                class="testMethodStatusFAIL">
               <td width="100%" class="firstMethodCell">
                  <a onclick="toggleDetailsVisibility('com.quotations.VerifyValidSignUp_LoginTest_byClass_FAIL3_details')">LoginTest(2.0
                     
                     ,
                     
                     internal
                     
                     ,
                     
                     syairulizam.shaharudin@axa.com.my
                     
                     ,
                     
                     Gtomuattwo3
                     
                     ,
                     
                     Private Car
                     
                     ,
                     
                     Comprehensive
                     
                     ,
                     
                     09445
                     
                     ,
                     
                     Registered Car
                     
                     ,
                     
                     Private Car-Private Use
                     
                     ,
                     
                     KIA
                     
                     ,
                     
                     SEPHIA
                     
                     ,
                     
                     KIA SPORTAGE 2.0i A ModelChang
                     
                     ,
                     
                     2010
                     
                     ,
                     
                     1998
                     
                     ,
                     
                     ABCDEFG
                     
                     ,
                     
                     dsfds
                     
                     ,
                     
                     West Malaysia
                     
                     ,
                     
                     5
                     
                     ,
                     
                     74900
                     
                     ,
                     
                     Johor
                     
                     ,
                     
                     ABC3746
                     
                     ,
                     
                     DEF7464
                     
                     ,
                     
                     Individual
                     
                     ,
                     
                     Yes
                     
                     ,
                     
                     GSHER73645
                     
                     ,
                     
                     JSHYE345
                     
                     ,
                     
                     Feb
                     
                     ,
                     
                     12
                     
                     ,
                     
                     1974
                     
                     ,
                     
                     Yes
                     
                     ,
                     
                     10
                     
                     ,
                     
                     No
                     
                     ,
                     
                     0
                     
                     ,
                     
                     0
                     
                     ,
                     
                     0
                     
                     ,
                     
                     0
                     
                     ,
                     
                     Jul
                     
                     ,
                     
                     24
                     
                     ,
                     
                     2016
                     
                     ,
                     
                     CABRIOLET
                     
                     ,
                     
                     123423
                     
                     ,
                     
                     Parking Lot - Covered
                     
                     ,
                     
                     Driver's Side Airbags(1)
                     
                     ,
                     
                     (B) Alarm with Immobiliser
                     
                     ,
                     
                     Male
                     
                     ,
                     
                     MARRIED
                     
                     ,
                     
                     Company Director
                     
                     ,
                     
                     Andrew 
                     
                     ,
                     
                     Andrew John
                     
                     ,
                     
                     3421345432
                     
                     ,
                     
                     andrew@gmail.com
                     
                     ,
                     
                     23456
                     
                     ,
                     
                     MALAYSIA
                     
                     ,
                     
                     JOHOR
                     
                     ,
                     
                     Johor State
                     
                     ,
                     
                     Street1
                     
                     ,
                     
                     Block1)
                  </a>
               </td>
               <td nowrap="true">11:40:50</td>
               <td nowrap="true" align="right">31s
                  
               </td>
               <td nowrap="true">
                  <a onclick="toggleDetailsVisibility('com.quotations.VerifyValidSignUp_LoginTest_byClass_FAIL3_exception')">org.openqa.selenium.NoSuchElementException: 
                     no such element: Unable to locate element: {"method":"xpath","selector":"//*[@id='EXPAND-OUTERFRAME']/div[2]/div/div/div/div/div/div/div[1]/div/div/div/div/div[2]/div/div/div/div/div[1]/div/div/span/a"}
                     (Session info: chrome=51.0.2704.106)
                     (Driver info: chromedriver=2.21.371459 (36d3d07f660ff2bc1bf28a75d1cdabed0983e7c4),platform=Windows NT 10.0 x86_64) (WARNING:
                     The server did not provide any stacktrace information)
                     Command duration or timeout: 30.03 seconds
                     For documentation on this error, please visit: http://seleniumhq.org/exceptions/no_such_element.html
                     Build info: version: '2.53.0', revision: '35ae25b', time: '2016-03-15 17:00:58'
                     System info: host: 'user-PC', ip: '192.168.1.113', os.name: 'Windows 10', os.arch: 'amd64', os.version: '10.0', java.version:
                     '1.8.0_91'
                     Driver info: org.openqa.selenium.chrome.ChromeDriver
                     Capabilities [{applicationCacheEnabled=false, rotatable=false, mobileEmulationEnabled=false, chrome={chromedriverVersion=2.21.371459
                     (36d3d07f660ff2bc1bf28a75d1cdabed0983e7c4), userDataDir=C:\temp\scoped_dir8236_6801}, takesHeapSnapshot=true, databaseEnabled=false,
                     handlesAlerts=true, hasTouchScreen=false, version=51.0.2704.106, platform=XP, browserConnectionEnabled=false, nativeEvents=true,
                     acceptSslCerts=true, locationContextEnabled=true, webStorageEnabled=true, browserName=chrome, takesScreenshot=true, javascriptEnabled=true,
                     cssSelectorsEnabled=true}]
                     Session ID: 18b018bc635663819050e88d982c747c
                     *** Element info: {Using=xpath, value=//*[@id='EXPAND-OUTERFRAME']/div[2]/div/div/div/div/div/div/div[1]/div/div/div/div/div[2]/div/div/div/div/div[1]/div/div/span/a}
                     
                  </a>
                   
                  
               </td>
            </tr>
            <tr>
               <td colspan="4" class="detailsBox">
                  <div id="com.quotations.VerifyValidSignUp_LoginTest_byClass_FAIL3_details"
                       class="testMethodDetails">
                     <div>
                        <b>Name: </b>LoginTest
                     </div>
                     <div>
                        <b>Signature: </b>LoginTest(java.lang.String, java.lang.String, java.lang.String, java.lang.String, java.lang.String, java.lang.String, java.lang.String,
                        java.lang.String, java.lang.String, java.lang.String, java.lang.String, java.lang.String, java.lang.String, java.lang.String,
                        java.lang.String, java.lang.String, java.lang.String, java.lang.String, java.lang.String, java.lang.String, java.lang.String,
                        java.lang.String, java.lang.String, java.lang.String, java.lang.String, java.lang.String, java.lang.String, java.lang.String,
                        java.lang.String, java.lang.String, java.lang.String, java.lang.String, java.lang.String, java.lang.String, java.lang.String,
                        java.lang.String, java.lang.String, java.lang.String, java.lang.String, java.lang.String, java.lang.String, java.lang.String,
                        java.lang.String, java.lang.String, java.lang.String, java.lang.String, java.lang.String, java.lang.String, java.lang.String,
                        java.lang.String, java.lang.String, java.lang.String, java.lang.String, java.lang.String, java.lang.String, java.lang.String,
                        java.lang.String)[pri:0, instance:com.quotations.VerifyValidSignUp@12bc6874]
                     </div>
                     <div>
                        <b>Parameters: </b>
                        
                        2.0
                        
                        ,
                        
                        internal
                        
                        ,
                        
                        syairulizam.shaharudin@axa.com.my
                        
                        ,
                        
                        Gtomuattwo3
                        
                        ,
                        
                        Private Car
                        
                        ,
                        
                        Comprehensive
                        
                        ,
                        
                        09445
                        
                        ,
                        
                        Registered Car
                        
                        ,
                        
                        Private Car-Private Use
                        
                        ,
                        
                        KIA
                        
                        ,
                        
                        SEPHIA
                        
                        ,
                        
                        KIA SPORTAGE 2.0i A ModelChang
                        
                        ,
                        
                        2010
                        
                        ,
                        
                        1998
                        
                        ,
                        
                        ABCDEFG
                        
                        ,
                        
                        dsfds
                        
                        ,
                        
                        West Malaysia
                        
                        ,
                        
                        5
                        
                        ,
                        
                        74900
                        
                        ,
                        
                        Johor
                        
                        ,
                        
                        ABC3746
                        
                        ,
                        
                        DEF7464
                        
                        ,
                        
                        Individual
                        
                        ,
                        
                        Yes
                        
                        ,
                        
                        GSHER73645
                        
                        ,
                        
                        JSHYE345
                        
                        ,
                        
                        Feb
                        
                        ,
                        
                        12
                        
                        ,
                        
                        1974
                        
                        ,
                        
                        Yes
                        
                        ,
                        
                        10
                        
                        ,
                        
                        No
                        
                        ,
                        
                        0
                        
                        ,
                        
                        0
                        
                        ,
                        
                        0
                        
                        ,
                        
                        0
                        
                        ,
                        
                        Jul
                        
                        ,
                        
                        24
                        
                        ,
                        
                        2016
                        
                        ,
                        
                        CABRIOLET
                        
                        ,
                        
                        123423
                        
                        ,
                        
                        Parking Lot - Covered
                        
                        ,
                        
                        Driver's Side Airbags(1)
                        
                        ,
                        
                        (B) Alarm with Immobiliser
                        
                        ,
                        
                        Male
                        
                        ,
                        
                        MARRIED
                        
                        ,
                        
                        Company Director
                        
                        ,
                        
                        Andrew 
                        
                        ,
                        
                        Andrew John
                        
                        ,
                        
                        3421345432
                        
                        ,
                        
                        andrew@gmail.com
                        
                        ,
                        
                        23456
                        
                        ,
                        
                        MALAYSIA
                        
                        ,
                        
                        JOHOR
                        
                        ,
                        
                        Johor State
                        
                        ,
                        
                        Street1
                        
                        ,
                        
                        Block1
                        
                        
                     </div>
                     <div>
                        <b>Start time: </b>11:40:50
                     </div>
                     <div>
                        <b>End time: </b>11:41:21
                     </div>
                     <div>
                        <b>Duration: </b>31s
                        
                     </div>
                  </div>
               </td>
            </tr>
            <tr>
               <td colspan="4" class="detailsBox">
                  <div id="com.quotations.VerifyValidSignUp_LoginTest_byClass_FAIL3_exception"
                       class="testMethodDetails">
                     <pre style="padding: 5px; margin: 0;">org.openqa.selenium.NoSuchElementException: no such element: Unable to locate element: {"method":"xpath","selector":"//*[@id='EXPAND-OUTERFRAME']/div[2]/div/div/div/div/div/div/div[1]/div/div/div/div/div[2]/div/div/div/div/div[1]/div/div/span/a"}
                        (Session info: chrome=51.0.2704.106)
                        (Driver info: chromedriver=2.21.371459 (36d3d07f660ff2bc1bf28a75d1cdabed0983e7c4),platform=Windows NT 10.0 x86_64) (WARNING:
                        The server did not provide any stacktrace information)
                        Command duration or timeout: 30.03 seconds
                        For documentation on this error, please visit: http://seleniumhq.org/exceptions/no_such_element.html
                        Build info: version: '2.53.0', revision: '35ae25b', time: '2016-03-15 17:00:58'
                        System info: host: 'user-PC', ip: '192.168.1.113', os.name: 'Windows 10', os.arch: 'amd64', os.version: '10.0', java.version:
                        '1.8.0_91'
                        Driver info: org.openqa.selenium.chrome.ChromeDriver
                        Capabilities [{applicationCacheEnabled=false, rotatable=false, mobileEmulationEnabled=false, chrome={chromedriverVersion=2.21.371459
                        (36d3d07f660ff2bc1bf28a75d1cdabed0983e7c4), userDataDir=C:\temp\scoped_dir8236_6801}, takesHeapSnapshot=true, databaseEnabled=false,
                        handlesAlerts=true, hasTouchScreen=false, version=51.0.2704.106, platform=XP, browserConnectionEnabled=false, nativeEvents=true,
                        acceptSslCerts=true, locationContextEnabled=true, webStorageEnabled=true, browserName=chrome, takesScreenshot=true, javascriptEnabled=true,
                        cssSelectorsEnabled=true}]
                        Session ID: 18b018bc635663819050e88d982c747c
                        *** Element info: {Using=xpath, value=//*[@id='EXPAND-OUTERFRAME']/div[2]/div/div/div/div/div/div/div[1]/div/div/div/div/div[2]/div/div/div/div/div[1]/div/div/span/a}
                        	at sun.reflect.NativeConstructorAccessorImpl.newInstance0(Native Method)
                        	at sun.reflect.NativeConstructorAccessorImpl.newInstance(NativeConstructorAccessorImpl.java:62)
                        	at sun.reflect.DelegatingConstructorAccessorImpl.newInstance(DelegatingConstructorAccessorImpl.java:45)
                        	at java.lang.reflect.Constructor.newInstance(Constructor.java:423)
                        	at org.openqa.selenium.remote.ErrorHandler.createThrowable(ErrorHandler.java:206)
                        	at org.openqa.selenium.remote.ErrorHandler.throwIfResponseFailed(ErrorHandler.java:158)
                        	at org.openqa.selenium.remote.RemoteWebDriver.execute(RemoteWebDriver.java:678)
                        	at org.openqa.selenium.remote.RemoteWebDriver.findElement(RemoteWebDriver.java:363)
                        	at org.openqa.selenium.remote.RemoteWebDriver.findElementByXPath(RemoteWebDriver.java:500)
                        	at org.openqa.selenium.By$ByXPath.findElement(By.java:361)
                        	at org.openqa.selenium.remote.RemoteWebDriver.findElement(RemoteWebDriver.java:355)
                        	at com.quotations.VerifyValidSignUp.LoginTest(VerifyValidSignUp.java:116)
                        	at sun.reflect.NativeMethodAccessorImpl.invoke0(Native Method)
                        	at sun.reflect.NativeMethodAccessorImpl.invoke(NativeMethodAccessorImpl.java:62)
                        	at sun.reflect.DelegatingMethodAccessorImpl.invoke(DelegatingMethodAccessorImpl.java:43)
                        	at java.lang.reflect.Method.invoke(Method.java:498)
                        	at org.testng.internal.MethodInvocationHelper.invokeMethod(MethodInvocationHelper.java:85)
                        	at org.testng.internal.Invoker.invokeMethod(Invoker.java:639)
                        	at org.testng.internal.Invoker.invokeTestMethod(Invoker.java:816)
                        	at org.testng.internal.Invoker.invokeTestMethods(Invoker.java:1124)
                        	at org.testng.internal.TestMethodWorker.invokeTestMethods(TestMethodWorker.java:125)
                        	at org.testng.internal.TestMethodWorker.run(TestMethodWorker.java:108)
                        	at org.testng.TestRunner.privateRun(TestRunner.java:774)
                        	at org.testng.TestRunner.run(TestRunner.java:624)
                        	at org.testng.SuiteRunner.runTest(SuiteRunner.java:359)
                        	at org.testng.SuiteRunner.runSequentially(SuiteRunner.java:354)
                        	at org.testng.SuiteRunner.privateRun(SuiteRunner.java:312)
                        	at org.testng.SuiteRunner.run(SuiteRunner.java:261)
                        	at org.testng.SuiteRunnerWorker.runSuite(SuiteRunnerWorker.java:52)
                        	at org.testng.SuiteRunnerWorker.run(SuiteRunnerWorker.java:86)
                        	at org.testng.TestNG.runSuitesSequentially(TestNG.java:1215)
                        	at org.testng.TestNG.runSuitesLocally(TestNG.java:1140)
                        	at org.testng.TestNG.run(TestNG.java:1048)
                        	at org.testng.TestNG.privateMain(TestNG.java:1355)
                        	at org.testng.TestNG.main(TestNG.java:1324)
                     </pre>
                  </div>
               </td>
            </tr>
            <tr id="com.quotations.VerifyValidSignUp_afterSignUp_byClass_PASS4_row"
                class="testMethodStatusPASS testMethodStatusCONF">
               <td width="100%" class="firstMethodCell">
                  <a onclick="toggleDetailsVisibility('com.quotations.VerifyValidSignUp_afterSignUp_byClass_PASS4_details')">afterSignUp()</a>
               </td>
               <td nowrap="true">11:41:21</td>
               <td nowrap="true" align="right">1 ms
                  
               </td>
               <td nowrap="true">
                   
                  
               </td>
            </tr>
            <tr>
               <td colspan="4" class="detailsBox">
                  <div id="com.quotations.VerifyValidSignUp_afterSignUp_byClass_PASS4_details"
                       class="testMethodDetails">
                     <div>
                        <b>Name: </b>afterSignUp
                     </div>
                     <div>
                        <b>Signature: </b>afterSignUp()[pri:0, instance:com.quotations.VerifyValidSignUp@12bc6874]
                     </div>
                     <div>
                        <b>Start time: </b>11:41:21
                     </div>
                     <div>
                        <b>End time: </b>11:41:21
                     </div>
                     <div>
                        <b>Duration: </b>1 ms
                        
                     </div>
                  </div>
               </td>
            </tr>
            <tr></tr>
         </table>
         <br></br>
      </div>
      <div style="margin-top: 15px; color: gray; text-align: center; font-size: 9px;">
         Generated with
         
         <a href="http://code.google.com/p/testng-xslt/" style="color: #8888aa;"
            target="_blank">
            TestNG XSLT
            
         </a>
      </div>
   </body>
</html>