<!DOCTYPE html PUBLIC "-//W3C//DTD XHTML 1.1//EN" "http://www.w3.org/TR/xhtml11/DTD/xhtml11.dtd">
<html xmlns="http://www.w3.org/1999/xhtml"><head><title>TestNG Report</title><style type="text/css">table {margin-bottom:10px;border-collapse:collapse;empty-cells:show}th,td {border:1px solid #009;padding:.25em .5em}th {vertical-align:bottom}td {vertical-align:top}table a {font-weight:bold}.stripe td {background-color: #E6EBF9}.num {text-align:right}.passedodd td {background-color: #3F3}.passedeven td {background-color: #0A0}.skippedodd td {background-color: #DDD}.skippedeven td {background-color: #CCC}.failedodd td,.attn {background-color: #F33}.failedeven td,.stripe .attn {background-color: #D00}.stacktrace {white-space:pre;font-family:monospace}.totop {font-size:85%;text-align:center;border-bottom:2px solid #000}</style></head><body><table><tr><th>Test</th><th># Passed</th><th># Skipped</th><th># Failed</th><th>Time (ms)</th><th>Included Groups</th><th>Excluded Groups</th></tr><tr><th colspan="7">Ant suite</th></tr><tr><td><a href="#t0">Ant test</a></td><td class="num">0</td><td class="num">0</td><td class="num attn">2</td><td class="num">76,750</td><td></td><td></td></tr></table><table><thead><tr><th>Class</th><th>Method</th><th>Start</th><th>Time (ms)</th></tr></thead><tbody><tr><th colspan="4">Ant suite</th></tr></tbody><tbody id="t0"><tr><th colspan="4">Ant test &#8212; failed</th></tr><tr class="failedeven"><td rowspan="2">com.quotations.VerifyValidSignUp</td><td><a href="#m0">LoginTest</a></td><td rowspan="2">1469936405117</td><td rowspan="2">44932</td></tr><tr class="failedeven"><td><a href="#m1">LoginTest</a></td></tr></tbody></table><h2>Ant test</h2><h3 id="m0">com.quotations.VerifyValidSignUp#LoginTest</h3><table class="result"><tr class="param"><th>Parameter #1</th><th>Parameter #2</th><th>Parameter #3</th><th>Parameter #4</th><th>Parameter #5</th><th>Parameter #6</th><th>Parameter #7</th><th>Parameter #8</th><th>Parameter #9</th><th>Parameter #10</th><th>Parameter #11</th><th>Parameter #12</th><th>Parameter #13</th><th>Parameter #14</th><th>Parameter #15</th><th>Parameter #16</th><th>Parameter #17</th><th>Parameter #18</th><th>Parameter #19</th><th>Parameter #20</th><th>Parameter #21</th><th>Parameter #22</th><th>Parameter #23</th><th>Parameter #24</th><th>Parameter #25</th><th>Parameter #26</th><th>Parameter #27</th><th>Parameter #28</th><th>Parameter #29</th><th>Parameter #30</th><th>Parameter #31</th><th>Parameter #32</th><th>Parameter #33</th><th>Parameter #34</th><th>Parameter #35</th><th>Parameter #36</th><th>Parameter #37</th><th>Parameter #38</th><th>Parameter #39</th><th>Parameter #40</th><th>Parameter #41</th><th>Parameter #42</th><th>Parameter #43</th><th>Parameter #44</th><th>Parameter #45</th><th>Parameter #46</th><th>Parameter #47</th><th>Parameter #48</th><th>Parameter #49</th><th>Parameter #50</th><th>Parameter #51</th><th>Parameter #52</th><th>Parameter #53</th><th>Parameter #54</th><th>Parameter #55</th><th>Parameter #56</th><th>Parameter #57</th></tr><tr class="param stripe"><td>1.0</td><td>external</td><td>24419001</td><td>Pasword@3</td><td>Private Car</td><td>Comprehensive</td><td>09445</td><td>Registered Car</td><td>Private Car-Private Use</td><td>KIA</td><td>SEPHIA</td><td>KIA SPORTAGE 2.0i A ModelChang</td><td>2010</td><td>1998</td><td>ABCDEFG</td><td>dsfds</td><td>West Malaysia</td><td>5</td><td>74900</td><td>Johor</td><td>ABC3746</td><td>DEF7464</td><td>Individual</td><td>Yes</td><td>GSHER73645</td><td>JSHYE345</td><td>Feb</td><td>12</td><td>1974</td><td>Yes</td><td>10</td><td>No</td><td>0</td><td>0</td><td>0</td><td>0</td><td>Jul</td><td>24</td><td>2016</td><td>CABRIOLET</td><td>123423</td><td>Parking Lot - Covered</td><td>Driver&apos;s Side Airbags(1)</td><td>(B) Alarm with Immobiliser</td><td>Male</td><td>MARRIED</td><td>Company Director</td><td>Andrew </td><td>Andrew John</td><td>3421345432</td><td>andrew@gmail.com</td><td>23456</td><td>MALAYSIA</td><td>JOHOR</td><td>Johor State</td><td>Street1</td><td>Block1</td></tr><tr><th colspan="57">Exception</th></tr><tr><td colspan="57"><div class="stacktrace">org.openqa.selenium.NoSuchElementException: no such element: Unable to locate element: {&quot;method&quot;:&quot;xpath&quot;,&quot;selector&quot;:&quot;html/body/div[3]/form/div[3]/div[2]/table/tbody/tr/td/div/table/tbody/tr/td/div/span/div/div[2]/div[2]/div/div[1]/div/div/div/div/div/div[3]/div/div/span/button&quot;}
  (Session info: chrome=51.0.2704.106)
  (Driver info: chromedriver=2.21.371459 (36d3d07f660ff2bc1bf28a75d1cdabed0983e7c4),platform=Windows NT 10.0 x86_64) (WARNING: The server did not provide any stacktrace information)
Command duration or timeout: 30.04 seconds
For documentation on this error, please visit: http://seleniumhq.org/exceptions/no_such_element.html
Build info: version: &apos;2.53.0&apos;, revision: &apos;35ae25b&apos;, time: &apos;2016-03-15 17:00:58&apos;
System info: host: &apos;user-PC&apos;, ip: &apos;192.168.1.113&apos;, os.name: &apos;Windows 10&apos;, os.arch: &apos;amd64&apos;, os.version: &apos;10.0&apos;, java.version: &apos;1.8.0_91&apos;
Driver info: org.openqa.selenium.chrome.ChromeDriver
Capabilities [{applicationCacheEnabled=false, rotatable=false, mobileEmulationEnabled=false, chrome={chromedriverVersion=2.21.371459 (36d3d07f660ff2bc1bf28a75d1cdabed0983e7c4), userDataDir=C:\temp\scoped_dir8236_6801}, takesHeapSnapshot=true, databaseEnabled=false, handlesAlerts=true, hasTouchScreen=false, version=51.0.2704.106, platform=XP, browserConnectionEnabled=false, nativeEvents=true, acceptSslCerts=true, locationContextEnabled=true, webStorageEnabled=true, browserName=chrome, takesScreenshot=true, javascriptEnabled=true, cssSelectorsEnabled=true}]
Session ID: 18b018bc635663819050e88d982c747c
*** Element info: {Using=xpath, value=html/body/div[3]/form/div[3]/div[2]/table/tbody/tr/td/div/table/tbody/tr/td/div/span/div/div[2]/div[2]/div/div[1]/div/div/div/div/div/div[3]/div/div/span/button}
	at org.openqa.selenium.remote.ErrorHandler.createThrowable(ErrorHandler.java:206)
	at org.openqa.selenium.remote.ErrorHandler.throwIfResponseFailed(ErrorHandler.java:158)
	at org.openqa.selenium.remote.RemoteWebDriver.execute(RemoteWebDriver.java:678)
	at org.openqa.selenium.remote.RemoteWebDriver.findElement(RemoteWebDriver.java:363)
	at org.openqa.selenium.remote.RemoteWebDriver.findElementByXPath(RemoteWebDriver.java:500)
	at org.openqa.selenium.By$ByXPath.findElement(By.java:361)
	at org.openqa.selenium.remote.RemoteWebDriver.findElement(RemoteWebDriver.java:355)
	at com.quotations.VerifyValidSignUp.LoginTest(VerifyValidSignUp.java:158)
... Removed 27 stack frames</div></td></tr></table><p class="totop"><a href="#summary">back to summary</a></p><h3 id="m1">com.quotations.VerifyValidSignUp#LoginTest</h3><table class="result"><tr class="param"><th>Parameter #1</th><th>Parameter #2</th><th>Parameter #3</th><th>Parameter #4</th><th>Parameter #5</th><th>Parameter #6</th><th>Parameter #7</th><th>Parameter #8</th><th>Parameter #9</th><th>Parameter #10</th><th>Parameter #11</th><th>Parameter #12</th><th>Parameter #13</th><th>Parameter #14</th><th>Parameter #15</th><th>Parameter #16</th><th>Parameter #17</th><th>Parameter #18</th><th>Parameter #19</th><th>Parameter #20</th><th>Parameter #21</th><th>Parameter #22</th><th>Parameter #23</th><th>Parameter #24</th><th>Parameter #25</th><th>Parameter #26</th><th>Parameter #27</th><th>Parameter #28</th><th>Parameter #29</th><th>Parameter #30</th><th>Parameter #31</th><th>Parameter #32</th><th>Parameter #33</th><th>Parameter #34</th><th>Parameter #35</th><th>Parameter #36</th><th>Parameter #37</th><th>Parameter #38</th><th>Parameter #39</th><th>Parameter #40</th><th>Parameter #41</th><th>Parameter #42</th><th>Parameter #43</th><th>Parameter #44</th><th>Parameter #45</th><th>Parameter #46</th><th>Parameter #47</th><th>Parameter #48</th><th>Parameter #49</th><th>Parameter #50</th><th>Parameter #51</th><th>Parameter #52</th><th>Parameter #53</th><th>Parameter #54</th><th>Parameter #55</th><th>Parameter #56</th><th>Parameter #57</th></tr><tr class="param stripe"><td>2.0</td><td>internal</td><td>syairulizam.shaharudin@axa.com.my</td><td>Gtomuattwo3</td><td>Private Car</td><td>Comprehensive</td><td>09445</td><td>Registered Car</td><td>Private Car-Private Use</td><td>KIA</td><td>SEPHIA</td><td>KIA SPORTAGE 2.0i A ModelChang</td><td>2010</td><td>1998</td><td>ABCDEFG</td><td>dsfds</td><td>West Malaysia</td><td>5</td><td>74900</td><td>Johor</td><td>ABC3746</td><td>DEF7464</td><td>Individual</td><td>Yes</td><td>GSHER73645</td><td>JSHYE345</td><td>Feb</td><td>12</td><td>1974</td><td>Yes</td><td>10</td><td>No</td><td>0</td><td>0</td><td>0</td><td>0</td><td>Jul</td><td>24</td><td>2016</td><td>CABRIOLET</td><td>123423</td><td>Parking Lot - Covered</td><td>Driver&apos;s Side Airbags(1)</td><td>(B) Alarm with Immobiliser</td><td>Male</td><td>MARRIED</td><td>Company Director</td><td>Andrew </td><td>Andrew John</td><td>3421345432</td><td>andrew@gmail.com</td><td>23456</td><td>MALAYSIA</td><td>JOHOR</td><td>Johor State</td><td>Street1</td><td>Block1</td></tr><tr><th colspan="57">Exception</th></tr><tr><td colspan="57"><div class="stacktrace">org.openqa.selenium.NoSuchElementException: no such element: Unable to locate element: {&quot;method&quot;:&quot;xpath&quot;,&quot;selector&quot;:&quot;//*[@id=&apos;EXPAND-OUTERFRAME&apos;]/div[2]/div/div/div/div/div/div/div[1]/div/div/div/div/div[2]/div/div/div/div/div[1]/div/div/span/a&quot;}
  (Session info: chrome=51.0.2704.106)
  (Driver info: chromedriver=2.21.371459 (36d3d07f660ff2bc1bf28a75d1cdabed0983e7c4),platform=Windows NT 10.0 x86_64) (WARNING: The server did not provide any stacktrace information)
Command duration or timeout: 30.03 seconds
For documentation on this error, please visit: http://seleniumhq.org/exceptions/no_such_element.html
Build info: version: &apos;2.53.0&apos;, revision: &apos;35ae25b&apos;, time: &apos;2016-03-15 17:00:58&apos;
System info: host: &apos;user-PC&apos;, ip: &apos;192.168.1.113&apos;, os.name: &apos;Windows 10&apos;, os.arch: &apos;amd64&apos;, os.version: &apos;10.0&apos;, java.version: &apos;1.8.0_91&apos;
Driver info: org.openqa.selenium.chrome.ChromeDriver
Capabilities [{applicationCacheEnabled=false, rotatable=false, mobileEmulationEnabled=false, chrome={chromedriverVersion=2.21.371459 (36d3d07f660ff2bc1bf28a75d1cdabed0983e7c4), userDataDir=C:\temp\scoped_dir8236_6801}, takesHeapSnapshot=true, databaseEnabled=false, handlesAlerts=true, hasTouchScreen=false, version=51.0.2704.106, platform=XP, browserConnectionEnabled=false, nativeEvents=true, acceptSslCerts=true, locationContextEnabled=true, webStorageEnabled=true, browserName=chrome, takesScreenshot=true, javascriptEnabled=true, cssSelectorsEnabled=true}]
Session ID: 18b018bc635663819050e88d982c747c
*** Element info: {Using=xpath, value=//*[@id=&apos;EXPAND-OUTERFRAME&apos;]/div[2]/div/div/div/div/div/div/div[1]/div/div/div/div/div[2]/div/div/div/div/div[1]/div/div/span/a}
	at org.openqa.selenium.remote.ErrorHandler.createThrowable(ErrorHandler.java:206)
	at org.openqa.selenium.remote.ErrorHandler.throwIfResponseFailed(ErrorHandler.java:158)
	at org.openqa.selenium.remote.RemoteWebDriver.execute(RemoteWebDriver.java:678)
	at org.openqa.selenium.remote.RemoteWebDriver.findElement(RemoteWebDriver.java:363)
	at org.openqa.selenium.remote.RemoteWebDriver.findElementByXPath(RemoteWebDriver.java:500)
	at org.openqa.selenium.By$ByXPath.findElement(By.java:361)
	at org.openqa.selenium.remote.RemoteWebDriver.findElement(RemoteWebDriver.java:355)
	at com.quotations.VerifyValidSignUp.LoginTest(VerifyValidSignUp.java:116)
... Removed 27 stack frames</div></td></tr></table><p class="totop"><a href="#summary">back to summary</a></p></body></html>