<?xml version="1.0" encoding="UTF-8"?>
<testng-results skipped="0" failed="2" total="2" passed="0">
  <reporter-output>
    <line>
      <![CDATA[Sign Up Page Test Fields are :Fname,Lname,Location,City,Email,Password,Confirm Pwd, Plan]]>
    </line>
  </reporter-output>
  <suite name="Ant suite" duration-ms="76750" started-at="2016-07-31T03:40:04Z" finished-at="2016-07-31T03:41:21Z">
    <groups>
    </groups>
    <test name="Ant test" duration-ms="76750" started-at="2016-07-31T03:40:04Z" finished-at="2016-07-31T03:41:21Z">
      <class name="com.quotations.TestBase">
        <test-method status="PASS" signature="beforeSuite()[pri:0, instance:com.quotations.TestBase@ba4d54]" name="beforeSuite" is-config="true" duration-ms="3809" started-at="2016-07-31T11:40:01Z" finished-at="2016-07-31T11:40:04Z">
          <reporter-output>
          </reporter-output>
        </test-method> <!-- beforeSuite -->
        <test-method status="PASS" signature="afterSuite()[pri:0, instance:com.quotations.TestBase@ba4d54]" name="afterSuite" is-config="true" duration-ms="0" started-at="2016-07-31T11:41:21Z" finished-at="2016-07-31T11:41:21Z">
          <reporter-output>
          </reporter-output>
        </test-method> <!-- afterSuite -->
      </class> <!-- com.quotations.TestBase -->
      <class name="com.quotations.VerifyValidSignUp">
        <test-method status="PASS" signature="beforeSignUp()[pri:0, instance:com.quotations.VerifyValidSignUp@12bc6874]" name="beforeSignUp" is-config="true" duration-ms="156" started-at="2016-07-31T11:40:04Z" finished-at="2016-07-31T11:40:05Z">
          <reporter-output>
            <line>
              <![CDATA[Sign Up Page Test Fields are :Fname,Lname,Location,City,Email,Password,Confirm Pwd, Plan]]>
            </line>
          </reporter-output>
        </test-method> <!-- beforeSignUp -->
        <test-method status="FAIL" signature="LoginTest(java.lang.String, java.lang.String, java.lang.String, java.lang.String, java.lang.String, java.lang.String, java.lang.String, java.lang.String, java.lang.String, java.lang.String, java.lang.String, java.lang.String, java.lang.String, java.lang.String, java.lang.String, java.lang.String, java.lang.String, java.lang.String, java.lang.String, java.lang.String, java.lang.String, java.lang.String, java.lang.String, java.lang.String, java.lang.String, java.lang.String, java.lang.String, java.lang.String, java.lang.String, java.lang.String, java.lang.String, java.lang.String, java.lang.String, java.lang.String, java.lang.String, java.lang.String, java.lang.String, java.lang.String, java.lang.String, java.lang.String, java.lang.String, java.lang.String, java.lang.String, java.lang.String, java.lang.String, java.lang.String, java.lang.String, java.lang.String, java.lang.String, java.lang.String, java.lang.String, java.lang.String, java.lang.String, java.lang.String, java.lang.String, java.lang.String, java.lang.String)[pri:0, instance:com.quotations.VerifyValidSignUp@12bc6874]" name="LoginTest" duration-ms="44932" started-at="2016-07-31T11:40:05Z" data-provider="dp1" finished-at="2016-07-31T11:40:50Z">
          <params>
            <param index="0">
              <value>
                <![CDATA[1.0]]>
              </value>
            </param>
            <param index="1">
              <value>
                <![CDATA[external]]>
              </value>
            </param>
            <param index="2">
              <value>
                <![CDATA[24419001]]>
              </value>
            </param>
            <param index="3">
              <value>
                <![CDATA[Pasword@3]]>
              </value>
            </param>
            <param index="4">
              <value>
                <![CDATA[Private Car]]>
              </value>
            </param>
            <param index="5">
              <value>
                <![CDATA[Comprehensive]]>
              </value>
            </param>
            <param index="6">
              <value>
                <![CDATA[09445]]>
              </value>
            </param>
            <param index="7">
              <value>
                <![CDATA[Registered Car]]>
              </value>
            </param>
            <param index="8">
              <value>
                <![CDATA[Private Car-Private Use]]>
              </value>
            </param>
            <param index="9">
              <value>
                <![CDATA[KIA]]>
              </value>
            </param>
            <param index="10">
              <value>
                <![CDATA[SEPHIA]]>
              </value>
            </param>
            <param index="11">
              <value>
                <![CDATA[KIA SPORTAGE 2.0i A ModelChang]]>
              </value>
            </param>
            <param index="12">
              <value>
                <![CDATA[2010]]>
              </value>
            </param>
            <param index="13">
              <value>
                <![CDATA[1998]]>
              </value>
            </param>
            <param index="14">
              <value>
                <![CDATA[ABCDEFG]]>
              </value>
            </param>
            <param index="15">
              <value>
                <![CDATA[dsfds]]>
              </value>
            </param>
            <param index="16">
              <value>
                <![CDATA[West Malaysia]]>
              </value>
            </param>
            <param index="17">
              <value>
                <![CDATA[5]]>
              </value>
            </param>
            <param index="18">
              <value>
                <![CDATA[74900]]>
              </value>
            </param>
            <param index="19">
              <value>
                <![CDATA[Johor]]>
              </value>
            </param>
            <param index="20">
              <value>
                <![CDATA[ABC3746]]>
              </value>
            </param>
            <param index="21">
              <value>
                <![CDATA[DEF7464]]>
              </value>
            </param>
            <param index="22">
              <value>
                <![CDATA[Individual]]>
              </value>
            </param>
            <param index="23">
              <value>
                <![CDATA[Yes]]>
              </value>
            </param>
            <param index="24">
              <value>
                <![CDATA[GSHER73645]]>
              </value>
            </param>
            <param index="25">
              <value>
                <![CDATA[JSHYE345]]>
              </value>
            </param>
            <param index="26">
              <value>
                <![CDATA[Feb]]>
              </value>
            </param>
            <param index="27">
              <value>
                <![CDATA[12]]>
              </value>
            </param>
            <param index="28">
              <value>
                <![CDATA[1974]]>
              </value>
            </param>
            <param index="29">
              <value>
                <![CDATA[Yes]]>
              </value>
            </param>
            <param index="30">
              <value>
                <![CDATA[10]]>
              </value>
            </param>
            <param index="31">
              <value>
                <![CDATA[No]]>
              </value>
            </param>
            <param index="32">
              <value>
                <![CDATA[0]]>
              </value>
            </param>
            <param index="33">
              <value>
                <![CDATA[0]]>
              </value>
            </param>
            <param index="34">
              <value>
                <![CDATA[0]]>
              </value>
            </param>
            <param index="35">
              <value>
                <![CDATA[0]]>
              </value>
            </param>
            <param index="36">
              <value>
                <![CDATA[Jul]]>
              </value>
            </param>
            <param index="37">
              <value>
                <![CDATA[24]]>
              </value>
            </param>
            <param index="38">
              <value>
                <![CDATA[2016]]>
              </value>
            </param>
            <param index="39">
              <value>
                <![CDATA[CABRIOLET]]>
              </value>
            </param>
            <param index="40">
              <value>
                <![CDATA[123423]]>
              </value>
            </param>
            <param index="41">
              <value>
                <![CDATA[Parking Lot - Covered]]>
              </value>
            </param>
            <param index="42">
              <value>
                <![CDATA[Driver's Side Airbags(1)]]>
              </value>
            </param>
            <param index="43">
              <value>
                <![CDATA[(B) Alarm with Immobiliser]]>
              </value>
            </param>
            <param index="44">
              <value>
                <![CDATA[Male]]>
              </value>
            </param>
            <param index="45">
              <value>
                <![CDATA[MARRIED]]>
              </value>
            </param>
            <param index="46">
              <value>
                <![CDATA[Company Director]]>
              </value>
            </param>
            <param index="47">
              <value>
                <![CDATA[Andrew ]]>
              </value>
            </param>
            <param index="48">
              <value>
                <![CDATA[Andrew John]]>
              </value>
            </param>
            <param index="49">
              <value>
                <![CDATA[3421345432]]>
              </value>
            </param>
            <param index="50">
              <value>
                <![CDATA[andrew@gmail.com]]>
              </value>
            </param>
            <param index="51">
              <value>
                <![CDATA[23456]]>
              </value>
            </param>
            <param index="52">
              <value>
                <![CDATA[MALAYSIA]]>
              </value>
            </param>
            <param index="53">
              <value>
                <![CDATA[JOHOR]]>
              </value>
            </param>
            <param index="54">
              <value>
                <![CDATA[Johor State]]>
              </value>
            </param>
            <param index="55">
              <value>
                <![CDATA[Street1]]>
              </value>
            </param>
            <param index="56">
              <value>
                <![CDATA[Block1]]>
              </value>
            </param>
          </params>
          <exception class="org.openqa.selenium.NoSuchElementException">
            <message>
              <![CDATA[no such element: Unable to locate element: {"method":"xpath","selector":"html/body/div[3]/form/div[3]/div[2]/table/tbody/tr/td/div/table/tbody/tr/td/div/span/div/div[2]/div[2]/div/div[1]/div/div/div/div/div/div[3]/div/div/span/button"}
  (Session info: chrome=51.0.2704.106)
  (Driver info: chromedriver=2.21.371459 (36d3d07f660ff2bc1bf28a75d1cdabed0983e7c4),platform=Windows NT 10.0 x86_64) (WARNING: The server did not provide any stacktrace information)
Command duration or timeout: 30.04 seconds
For documentation on this error, please visit: http://seleniumhq.org/exceptions/no_such_element.html
Build info: version: '2.53.0', revision: '35ae25b', time: '2016-03-15 17:00:58'
System info: host: 'user-PC', ip: '192.168.1.113', os.name: 'Windows 10', os.arch: 'amd64', os.version: '10.0', java.version: '1.8.0_91'
Driver info: org.openqa.selenium.chrome.ChromeDriver
Capabilities [{applicationCacheEnabled=false, rotatable=false, mobileEmulationEnabled=false, chrome={chromedriverVersion=2.21.371459 (36d3d07f660ff2bc1bf28a75d1cdabed0983e7c4), userDataDir=C:\temp\scoped_dir8236_6801}, takesHeapSnapshot=true, databaseEnabled=false, handlesAlerts=true, hasTouchScreen=false, version=51.0.2704.106, platform=XP, browserConnectionEnabled=false, nativeEvents=true, acceptSslCerts=true, locationContextEnabled=true, webStorageEnabled=true, browserName=chrome, takesScreenshot=true, javascriptEnabled=true, cssSelectorsEnabled=true}]
Session ID: 18b018bc635663819050e88d982c747c
*** Element info: {Using=xpath, value=html/body/div[3]/form/div[3]/div[2]/table/tbody/tr/td/div/table/tbody/tr/td/div/span/div/div[2]/div[2]/div/div[1]/div/div/div/div/div/div[3]/div/div/span/button}]]>
            </message>
            <full-stacktrace>
              <![CDATA[org.openqa.selenium.NoSuchElementException: no such element: Unable to locate element: {"method":"xpath","selector":"html/body/div[3]/form/div[3]/div[2]/table/tbody/tr/td/div/table/tbody/tr/td/div/span/div/div[2]/div[2]/div/div[1]/div/div/div/div/div/div[3]/div/div/span/button"}
  (Session info: chrome=51.0.2704.106)
  (Driver info: chromedriver=2.21.371459 (36d3d07f660ff2bc1bf28a75d1cdabed0983e7c4),platform=Windows NT 10.0 x86_64) (WARNING: The server did not provide any stacktrace information)
Command duration or timeout: 30.04 seconds
For documentation on this error, please visit: http://seleniumhq.org/exceptions/no_such_element.html
Build info: version: '2.53.0', revision: '35ae25b', time: '2016-03-15 17:00:58'
System info: host: 'user-PC', ip: '192.168.1.113', os.name: 'Windows 10', os.arch: 'amd64', os.version: '10.0', java.version: '1.8.0_91'
Driver info: org.openqa.selenium.chrome.ChromeDriver
Capabilities [{applicationCacheEnabled=false, rotatable=false, mobileEmulationEnabled=false, chrome={chromedriverVersion=2.21.371459 (36d3d07f660ff2bc1bf28a75d1cdabed0983e7c4), userDataDir=C:\temp\scoped_dir8236_6801}, takesHeapSnapshot=true, databaseEnabled=false, handlesAlerts=true, hasTouchScreen=false, version=51.0.2704.106, platform=XP, browserConnectionEnabled=false, nativeEvents=true, acceptSslCerts=true, locationContextEnabled=true, webStorageEnabled=true, browserName=chrome, takesScreenshot=true, javascriptEnabled=true, cssSelectorsEnabled=true}]
Session ID: 18b018bc635663819050e88d982c747c
*** Element info: {Using=xpath, value=html/body/div[3]/form/div[3]/div[2]/table/tbody/tr/td/div/table/tbody/tr/td/div/span/div/div[2]/div[2]/div/div[1]/div/div/div/div/div/div[3]/div/div/span/button}
	at sun.reflect.NativeConstructorAccessorImpl.newInstance0(Native Method)
	at sun.reflect.NativeConstructorAccessorImpl.newInstance(NativeConstructorAccessorImpl.java:62)
	at sun.reflect.DelegatingConstructorAccessorImpl.newInstance(DelegatingConstructorAccessorImpl.java:45)
	at java.lang.reflect.Constructor.newInstance(Constructor.java:423)
	at org.openqa.selenium.remote.ErrorHandler.createThrowable(ErrorHandler.java:206)
	at org.openqa.selenium.remote.ErrorHandler.throwIfResponseFailed(ErrorHandler.java:158)
	at org.openqa.selenium.remote.RemoteWebDriver.execute(RemoteWebDriver.java:678)
	at org.openqa.selenium.remote.RemoteWebDriver.findElement(RemoteWebDriver.java:363)
	at org.openqa.selenium.remote.RemoteWebDriver.findElementByXPath(RemoteWebDriver.java:500)
	at org.openqa.selenium.By$ByXPath.findElement(By.java:361)
	at org.openqa.selenium.remote.RemoteWebDriver.findElement(RemoteWebDriver.java:355)
	at com.quotations.VerifyValidSignUp.LoginTest(VerifyValidSignUp.java:158)
	at sun.reflect.NativeMethodAccessorImpl.invoke0(Native Method)
	at sun.reflect.NativeMethodAccessorImpl.invoke(NativeMethodAccessorImpl.java:62)
	at sun.reflect.DelegatingMethodAccessorImpl.invoke(DelegatingMethodAccessorImpl.java:43)
	at java.lang.reflect.Method.invoke(Method.java:498)
	at org.testng.internal.MethodInvocationHelper.invokeMethod(MethodInvocationHelper.java:85)
	at org.testng.internal.Invoker.invokeMethod(Invoker.java:639)
	at org.testng.internal.Invoker.invokeTestMethod(Invoker.java:816)
	at org.testng.internal.Invoker.invokeTestMethods(Invoker.java:1124)
	at org.testng.internal.TestMethodWorker.invokeTestMethods(TestMethodWorker.java:125)
	at org.testng.internal.TestMethodWorker.run(TestMethodWorker.java:108)
	at org.testng.TestRunner.privateRun(TestRunner.java:774)
	at org.testng.TestRunner.run(TestRunner.java:624)
	at org.testng.SuiteRunner.runTest(SuiteRunner.java:359)
	at org.testng.SuiteRunner.runSequentially(SuiteRunner.java:354)
	at org.testng.SuiteRunner.privateRun(SuiteRunner.java:312)
	at org.testng.SuiteRunner.run(SuiteRunner.java:261)
	at org.testng.SuiteRunnerWorker.runSuite(SuiteRunnerWorker.java:52)
	at org.testng.SuiteRunnerWorker.run(SuiteRunnerWorker.java:86)
	at org.testng.TestNG.runSuitesSequentially(TestNG.java:1215)
	at org.testng.TestNG.runSuitesLocally(TestNG.java:1140)
	at org.testng.TestNG.run(TestNG.java:1048)
	at org.testng.TestNG.privateMain(TestNG.java:1355)
	at org.testng.TestNG.main(TestNG.java:1324)
]]>
            </full-stacktrace>
          </exception> <!-- org.openqa.selenium.NoSuchElementException -->
          <reporter-output>
          </reporter-output>
        </test-method> <!-- LoginTest -->
        <test-method status="FAIL" signature="LoginTest(java.lang.String, java.lang.String, java.lang.String, java.lang.String, java.lang.String, java.lang.String, java.lang.String, java.lang.String, java.lang.String, java.lang.String, java.lang.String, java.lang.String, java.lang.String, java.lang.String, java.lang.String, java.lang.String, java.lang.String, java.lang.String, java.lang.String, java.lang.String, java.lang.String, java.lang.String, java.lang.String, java.lang.String, java.lang.String, java.lang.String, java.lang.String, java.lang.String, java.lang.String, java.lang.String, java.lang.String, java.lang.String, java.lang.String, java.lang.String, java.lang.String, java.lang.String, java.lang.String, java.lang.String, java.lang.String, java.lang.String, java.lang.String, java.lang.String, java.lang.String, java.lang.String, java.lang.String, java.lang.String, java.lang.String, java.lang.String, java.lang.String, java.lang.String, java.lang.String, java.lang.String, java.lang.String, java.lang.String, java.lang.String, java.lang.String, java.lang.String)[pri:0, instance:com.quotations.VerifyValidSignUp@12bc6874]" name="LoginTest" duration-ms="31643" started-at="2016-07-31T11:40:50Z" data-provider="dp1" finished-at="2016-07-31T11:41:21Z">
          <params>
            <param index="0">
              <value>
                <![CDATA[2.0]]>
              </value>
            </param>
            <param index="1">
              <value>
                <![CDATA[internal]]>
              </value>
            </param>
            <param index="2">
              <value>
                <![CDATA[syairulizam.shaharudin@axa.com.my]]>
              </value>
            </param>
            <param index="3">
              <value>
                <![CDATA[Gtomuattwo3]]>
              </value>
            </param>
            <param index="4">
              <value>
                <![CDATA[Private Car]]>
              </value>
            </param>
            <param index="5">
              <value>
                <![CDATA[Comprehensive]]>
              </value>
            </param>
            <param index="6">
              <value>
                <![CDATA[09445]]>
              </value>
            </param>
            <param index="7">
              <value>
                <![CDATA[Registered Car]]>
              </value>
            </param>
            <param index="8">
              <value>
                <![CDATA[Private Car-Private Use]]>
              </value>
            </param>
            <param index="9">
              <value>
                <![CDATA[KIA]]>
              </value>
            </param>
            <param index="10">
              <value>
                <![CDATA[SEPHIA]]>
              </value>
            </param>
            <param index="11">
              <value>
                <![CDATA[KIA SPORTAGE 2.0i A ModelChang]]>
              </value>
            </param>
            <param index="12">
              <value>
                <![CDATA[2010]]>
              </value>
            </param>
            <param index="13">
              <value>
                <![CDATA[1998]]>
              </value>
            </param>
            <param index="14">
              <value>
                <![CDATA[ABCDEFG]]>
              </value>
            </param>
            <param index="15">
              <value>
                <![CDATA[dsfds]]>
              </value>
            </param>
            <param index="16">
              <value>
                <![CDATA[West Malaysia]]>
              </value>
            </param>
            <param index="17">
              <value>
                <![CDATA[5]]>
              </value>
            </param>
            <param index="18">
              <value>
                <![CDATA[74900]]>
              </value>
            </param>
            <param index="19">
              <value>
                <![CDATA[Johor]]>
              </value>
            </param>
            <param index="20">
              <value>
                <![CDATA[ABC3746]]>
              </value>
            </param>
            <param index="21">
              <value>
                <![CDATA[DEF7464]]>
              </value>
            </param>
            <param index="22">
              <value>
                <![CDATA[Individual]]>
              </value>
            </param>
            <param index="23">
              <value>
                <![CDATA[Yes]]>
              </value>
            </param>
            <param index="24">
              <value>
                <![CDATA[GSHER73645]]>
              </value>
            </param>
            <param index="25">
              <value>
                <![CDATA[JSHYE345]]>
              </value>
            </param>
            <param index="26">
              <value>
                <![CDATA[Feb]]>
              </value>
            </param>
            <param index="27">
              <value>
                <![CDATA[12]]>
              </value>
            </param>
            <param index="28">
              <value>
                <![CDATA[1974]]>
              </value>
            </param>
            <param index="29">
              <value>
                <![CDATA[Yes]]>
              </value>
            </param>
            <param index="30">
              <value>
                <![CDATA[10]]>
              </value>
            </param>
            <param index="31">
              <value>
                <![CDATA[No]]>
              </value>
            </param>
            <param index="32">
              <value>
                <![CDATA[0]]>
              </value>
            </param>
            <param index="33">
              <value>
                <![CDATA[0]]>
              </value>
            </param>
            <param index="34">
              <value>
                <![CDATA[0]]>
              </value>
            </param>
            <param index="35">
              <value>
                <![CDATA[0]]>
              </value>
            </param>
            <param index="36">
              <value>
                <![CDATA[Jul]]>
              </value>
            </param>
            <param index="37">
              <value>
                <![CDATA[24]]>
              </value>
            </param>
            <param index="38">
              <value>
                <![CDATA[2016]]>
              </value>
            </param>
            <param index="39">
              <value>
                <![CDATA[CABRIOLET]]>
              </value>
            </param>
            <param index="40">
              <value>
                <![CDATA[123423]]>
              </value>
            </param>
            <param index="41">
              <value>
                <![CDATA[Parking Lot - Covered]]>
              </value>
            </param>
            <param index="42">
              <value>
                <![CDATA[Driver's Side Airbags(1)]]>
              </value>
            </param>
            <param index="43">
              <value>
                <![CDATA[(B) Alarm with Immobiliser]]>
              </value>
            </param>
            <param index="44">
              <value>
                <![CDATA[Male]]>
              </value>
            </param>
            <param index="45">
              <value>
                <![CDATA[MARRIED]]>
              </value>
            </param>
            <param index="46">
              <value>
                <![CDATA[Company Director]]>
              </value>
            </param>
            <param index="47">
              <value>
                <![CDATA[Andrew ]]>
              </value>
            </param>
            <param index="48">
              <value>
                <![CDATA[Andrew John]]>
              </value>
            </param>
            <param index="49">
              <value>
                <![CDATA[3421345432]]>
              </value>
            </param>
            <param index="50">
              <value>
                <![CDATA[andrew@gmail.com]]>
              </value>
            </param>
            <param index="51">
              <value>
                <![CDATA[23456]]>
              </value>
            </param>
            <param index="52">
              <value>
                <![CDATA[MALAYSIA]]>
              </value>
            </param>
            <param index="53">
              <value>
                <![CDATA[JOHOR]]>
              </value>
            </param>
            <param index="54">
              <value>
                <![CDATA[Johor State]]>
              </value>
            </param>
            <param index="55">
              <value>
                <![CDATA[Street1]]>
              </value>
            </param>
            <param index="56">
              <value>
                <![CDATA[Block1]]>
              </value>
            </param>
          </params>
          <exception class="org.openqa.selenium.NoSuchElementException">
            <message>
              <![CDATA[no such element: Unable to locate element: {"method":"xpath","selector":"//*[@id='EXPAND-OUTERFRAME']/div[2]/div/div/div/div/div/div/div[1]/div/div/div/div/div[2]/div/div/div/div/div[1]/div/div/span/a"}
  (Session info: chrome=51.0.2704.106)
  (Driver info: chromedriver=2.21.371459 (36d3d07f660ff2bc1bf28a75d1cdabed0983e7c4),platform=Windows NT 10.0 x86_64) (WARNING: The server did not provide any stacktrace information)
Command duration or timeout: 30.03 seconds
For documentation on this error, please visit: http://seleniumhq.org/exceptions/no_such_element.html
Build info: version: '2.53.0', revision: '35ae25b', time: '2016-03-15 17:00:58'
System info: host: 'user-PC', ip: '192.168.1.113', os.name: 'Windows 10', os.arch: 'amd64', os.version: '10.0', java.version: '1.8.0_91'
Driver info: org.openqa.selenium.chrome.ChromeDriver
Capabilities [{applicationCacheEnabled=false, rotatable=false, mobileEmulationEnabled=false, chrome={chromedriverVersion=2.21.371459 (36d3d07f660ff2bc1bf28a75d1cdabed0983e7c4), userDataDir=C:\temp\scoped_dir8236_6801}, takesHeapSnapshot=true, databaseEnabled=false, handlesAlerts=true, hasTouchScreen=false, version=51.0.2704.106, platform=XP, browserConnectionEnabled=false, nativeEvents=true, acceptSslCerts=true, locationContextEnabled=true, webStorageEnabled=true, browserName=chrome, takesScreenshot=true, javascriptEnabled=true, cssSelectorsEnabled=true}]
Session ID: 18b018bc635663819050e88d982c747c
*** Element info: {Using=xpath, value=//*[@id='EXPAND-OUTERFRAME']/div[2]/div/div/div/div/div/div/div[1]/div/div/div/div/div[2]/div/div/div/div/div[1]/div/div/span/a}]]>
            </message>
            <full-stacktrace>
              <![CDATA[org.openqa.selenium.NoSuchElementException: no such element: Unable to locate element: {"method":"xpath","selector":"//*[@id='EXPAND-OUTERFRAME']/div[2]/div/div/div/div/div/div/div[1]/div/div/div/div/div[2]/div/div/div/div/div[1]/div/div/span/a"}
  (Session info: chrome=51.0.2704.106)
  (Driver info: chromedriver=2.21.371459 (36d3d07f660ff2bc1bf28a75d1cdabed0983e7c4),platform=Windows NT 10.0 x86_64) (WARNING: The server did not provide any stacktrace information)
Command duration or timeout: 30.03 seconds
For documentation on this error, please visit: http://seleniumhq.org/exceptions/no_such_element.html
Build info: version: '2.53.0', revision: '35ae25b', time: '2016-03-15 17:00:58'
System info: host: 'user-PC', ip: '192.168.1.113', os.name: 'Windows 10', os.arch: 'amd64', os.version: '10.0', java.version: '1.8.0_91'
Driver info: org.openqa.selenium.chrome.ChromeDriver
Capabilities [{applicationCacheEnabled=false, rotatable=false, mobileEmulationEnabled=false, chrome={chromedriverVersion=2.21.371459 (36d3d07f660ff2bc1bf28a75d1cdabed0983e7c4), userDataDir=C:\temp\scoped_dir8236_6801}, takesHeapSnapshot=true, databaseEnabled=false, handlesAlerts=true, hasTouchScreen=false, version=51.0.2704.106, platform=XP, browserConnectionEnabled=false, nativeEvents=true, acceptSslCerts=true, locationContextEnabled=true, webStorageEnabled=true, browserName=chrome, takesScreenshot=true, javascriptEnabled=true, cssSelectorsEnabled=true}]
Session ID: 18b018bc635663819050e88d982c747c
*** Element info: {Using=xpath, value=//*[@id='EXPAND-OUTERFRAME']/div[2]/div/div/div/div/div/div/div[1]/div/div/div/div/div[2]/div/div/div/div/div[1]/div/div/span/a}
	at sun.reflect.NativeConstructorAccessorImpl.newInstance0(Native Method)
	at sun.reflect.NativeConstructorAccessorImpl.newInstance(NativeConstructorAccessorImpl.java:62)
	at sun.reflect.DelegatingConstructorAccessorImpl.newInstance(DelegatingConstructorAccessorImpl.java:45)
	at java.lang.reflect.Constructor.newInstance(Constructor.java:423)
	at org.openqa.selenium.remote.ErrorHandler.createThrowable(ErrorHandler.java:206)
	at org.openqa.selenium.remote.ErrorHandler.throwIfResponseFailed(ErrorHandler.java:158)
	at org.openqa.selenium.remote.RemoteWebDriver.execute(RemoteWebDriver.java:678)
	at org.openqa.selenium.remote.RemoteWebDriver.findElement(RemoteWebDriver.java:363)
	at org.openqa.selenium.remote.RemoteWebDriver.findElementByXPath(RemoteWebDriver.java:500)
	at org.openqa.selenium.By$ByXPath.findElement(By.java:361)
	at org.openqa.selenium.remote.RemoteWebDriver.findElement(RemoteWebDriver.java:355)
	at com.quotations.VerifyValidSignUp.LoginTest(VerifyValidSignUp.java:116)
	at sun.reflect.NativeMethodAccessorImpl.invoke0(Native Method)
	at sun.reflect.NativeMethodAccessorImpl.invoke(NativeMethodAccessorImpl.java:62)
	at sun.reflect.DelegatingMethodAccessorImpl.invoke(DelegatingMethodAccessorImpl.java:43)
	at java.lang.reflect.Method.invoke(Method.java:498)
	at org.testng.internal.MethodInvocationHelper.invokeMethod(MethodInvocationHelper.java:85)
	at org.testng.internal.Invoker.invokeMethod(Invoker.java:639)
	at org.testng.internal.Invoker.invokeTestMethod(Invoker.java:816)
	at org.testng.internal.Invoker.invokeTestMethods(Invoker.java:1124)
	at org.testng.internal.TestMethodWorker.invokeTestMethods(TestMethodWorker.java:125)
	at org.testng.internal.TestMethodWorker.run(TestMethodWorker.java:108)
	at org.testng.TestRunner.privateRun(TestRunner.java:774)
	at org.testng.TestRunner.run(TestRunner.java:624)
	at org.testng.SuiteRunner.runTest(SuiteRunner.java:359)
	at org.testng.SuiteRunner.runSequentially(SuiteRunner.java:354)
	at org.testng.SuiteRunner.privateRun(SuiteRunner.java:312)
	at org.testng.SuiteRunner.run(SuiteRunner.java:261)
	at org.testng.SuiteRunnerWorker.runSuite(SuiteRunnerWorker.java:52)
	at org.testng.SuiteRunnerWorker.run(SuiteRunnerWorker.java:86)
	at org.testng.TestNG.runSuitesSequentially(TestNG.java:1215)
	at org.testng.TestNG.runSuitesLocally(TestNG.java:1140)
	at org.testng.TestNG.run(TestNG.java:1048)
	at org.testng.TestNG.privateMain(TestNG.java:1355)
	at org.testng.TestNG.main(TestNG.java:1324)
]]>
            </full-stacktrace>
          </exception> <!-- org.openqa.selenium.NoSuchElementException -->
          <reporter-output>
          </reporter-output>
        </test-method> <!-- LoginTest -->
        <test-method status="PASS" signature="afterSignUp()[pri:0, instance:com.quotations.VerifyValidSignUp@12bc6874]" name="afterSignUp" is-config="true" duration-ms="1" started-at="2016-07-31T11:41:21Z" finished-at="2016-07-31T11:41:21Z">
          <reporter-output>
          </reporter-output>
        </test-method> <!-- afterSignUp -->
      </class> <!-- com.quotations.VerifyValidSignUp -->
    </test> <!-- Ant test -->
  </suite> <!-- Ant suite -->
</testng-results>
